[03:23:57] [INIT] KubeJS 1902.6.2-build.73; MC 1902 forge
[03:23:57] [INIT] Loaded plugins:
[03:23:57] [INIT] - dev.latvian.mods.kubejs.forge.BuiltinKubeJSForgePlugin
[03:23:57] [INIT] - dev.ftb.mods.ftbxmodcompat.ftbquests.kubejs.KubeJSIntegration
[03:23:57] [INIT] - dev.ftb.mods.ftbxmodcompat.ftbchunks.kubejs.FTBChunksKubeJSPlugin
[03:23:57] [INIT] - dev.ftb.mods.ftbxmodcompat.ftbteams.kubejs.FTBTeamsKubeJSPlugin
[03:23:57] [INIT] - com.almostreliable.morejs.Plugin
[03:23:57] [INIT] - com.almostreliable.lootjs.kube.LootJSPlugin
[03:23:57] [INIT] - com.klikli_dev.modonomicon.integration.kubejs.ModonomiconKubeJSPlugin
[03:23:57] [INIT] - snownee.lychee.compat.kubejs.LycheeKubeJSPlugin
[03:23:57] [INIT] - com.github.klikli_dev.occultism_kubejs.KubeJSOccultismPlugin
[03:24:01] [INFO] Loaded script server_scripts:constants/equipment_nbt.js in 0.001 s
[03:24:01] [INFO] Loaded script server_scripts:constants/fuel_properties.js in 0.0 s
[03:24:01] [INFO] Loaded script server_scripts:constants/gem_properties.js in 0.0 s
[03:24:01] [INFO] Loaded script server_scripts:constants/metal_properties.js in 0.0 s
[03:24:01] [INFO] functions.js#2: Loaded Java class 'owmii.powah.api.PowahAPI'
[03:24:01] [INFO] functions.js#23: Loaded Java class 'net.minecraft.util.RandomSource'
[03:24:01] [INFO] functions.js#24: Loaded Java class 'shadows.apotheosis.ench.table.RealEnchantmentHelper'
[03:24:01] [INFO] Loaded script server_scripts:functions.js in 0.002 s
[03:24:01] [INFO] packmode.js#42: Current packmode is: expert
[03:24:01] [INFO] Loaded script server_scripts:packmode.js in 0.003 s
[03:24:01] [INFO] Loaded script server_scripts:constants/air.js in 0.0 s
[03:24:01] [INFO] Loaded script server_scripts:constants/aura.js in 0.0 s
[03:24:01] [INFO] Loaded script server_scripts:constants/biomes.js in 0.001 s
[03:24:01] [INFO] Loaded script server_scripts:constants/cobblestones.js in 0.0 s
[03:24:01] [INFO] Loaded script server_scripts:constants/colors.js in 0.001 s
[03:24:01] [INFO] Loaded script server_scripts:constants/gateways_wave_modifiers.js in 0.0 s
[03:24:01] [INFO] Loaded script server_scripts:constants/loot_chests.js in 0.0 s
[03:24:01] [INFO] Loaded script server_scripts:constants/sandstones.js in 0.0 s
[03:24:01] [INFO] Loaded script server_scripts:constants/stones.js in 0.0 s
[03:24:01] [INFO] Loaded script server_scripts:constants/cobbleworks.js in 0.0 s
[03:24:01] [INFO] Loaded script server_scripts:constants/crop_properties.js in 0.001 s
[03:24:01] [INFO] Loaded script server_scripts:constants/dye_sources.js in 0.001 s
[03:24:01] [INFO] Loaded script server_scripts:constants/minibosses.js in 0.0 s
[03:24:01] [INFO] Loaded script server_scripts:constants/no_despawn.js in 0.0 s
[03:24:01] [INFO] Loaded script server_scripts:constants/ritual_effects.js in 0.0 s
[03:24:01] [INFO] Loaded script server_scripts:constants/tree_properties.js in 0.0 s
[03:24:02] [INFO] Loaded script server_scripts:constants/wood_properties.js in 0.001 s
[03:24:02] [INFO] Loaded script server_scripts:expert/player_events/starting_items.js in 0.001 s
[03:24:02] [INFO] Loaded script server_scripts:base/block_events/clear_weather.js in 0.0 s
[03:24:02] [INFO] Loaded script server_scripts:base/entity/spawned/custom_rituals.js in 0.0 s
[03:24:02] [INFO] Loaded script server_scripts:base/entity/spawned/equipment.js in 0.0 s
[03:24:02] [INFO] Loaded script server_scripts:base/entity_events/hurt/void_safety_net.js in 0.0 s
[03:24:02] [INFO] Loaded script server_scripts:base/entity_events/spawned/custom_rituals.js in 0.001 s
[03:24:02] [INFO] Loaded script server_scripts:base/entity_events/spawned/equipment.js in 0.0 s
[03:24:02] [INFO] Loaded script server_scripts:base/entity_events/spawned/no_despawn.js in 0.0 s
[03:24:02] [INFO] Loaded script server_scripts:base/gamerules/default.js in 0.0 s
[03:24:02] [INFO] Loaded script server_scripts:base/loot_modifiers/hexerei/remove.js in 0.0 s
[03:24:02] [INFO] Loaded script server_scripts:base/loot_modifiers/immersiveengineering/remove.js in 0.0 s
[03:24:02] [INFO] Loaded script server_scripts:base/loot_modifiers/occultism/remove.js in 0.0 s
[03:24:02] [INFO] Loaded script server_scripts:base/loot_modifiers/sushigocrafting/remove.js in 0.0 s
[03:24:02] [INFO] Loaded script server_scripts:base/loot_tables/blocks/ae2/clusters.js in 0.0 s
[03:24:02] [INFO] Loaded script server_scripts:base/loot_tables/blocks/byg/clusters.js in 0.0 s
[03:24:02] [INFO] Loaded script server_scripts:base/loot_tables/blocks/byg/emeraldite_ore.js in 0.0 s
[03:24:02] [INFO] Loaded script server_scripts:base/loot_tables/blocks/densetrees/dense_logs.js in 0.001 s
[03:24:02] [INFO] Loaded script server_scripts:base/loot_tables/blocks/emendatusenigmatica/clusters.js in 0.0 s
[03:24:02] [INFO] Loaded script server_scripts:base/loot_tables/blocks/hexerei/mahogany_leaves.js in 0.001 s
[03:24:02] [INFO] Loaded script server_scripts:base/loot_tables/blocks/hexerei/willow_leaves.js in 0.0 s
[03:24:02] [INFO] Loaded script server_scripts:base/loot_tables/blocks/hexerei/witch_hazel_leaves.js in 0.0 s
[03:24:02] [INFO] Loaded script server_scripts:base/loot_tables/blocks/kubejs/heartwood.js in 0.0 s
[03:24:02] [INFO] Loaded script server_scripts:base/loot_tables/blocks/minecraft/budding_amethyst.js in 0.0 s
[03:24:02] [INFO] Loaded script server_scripts:base/loot_tables/blocks/minecraft/oak_leaves.js in 0.0 s
[03:24:02] [INFO] Loaded script server_scripts:base/loot_tables/blocks/minecraft/spawner.js in 0.0 s
[03:24:02] [INFO] Loaded script server_scripts:base/loot_tables/blocks/quark/ancient_leaves.js in 0.0 s
[03:24:02] [INFO] Loaded script server_scripts:base/loot_tables/blocks/quark/blossom_leaves.js in 0.001 s
[03:24:02] [INFO] Loaded script server_scripts:base/loot_tables/chests/apotheosis/spawner_swarm.js in 0.0 s
[03:24:02] [INFO] Loaded script server_scripts:base/loot_tables/chests/blue_skies/blinding_dungeon/library_chest.js in 0.0 s
[03:24:02] [INFO] Loaded script server_scripts:base/loot_tables/chests/blue_skies/blinding_dungeon/prison_chest.js in 0.0 s
[03:24:02] [INFO] Loaded script server_scripts:base/loot_tables/chests/blue_skies/blinding_dungeon/study_chest.js in 0.0 s
[03:24:02] [INFO] Loaded script server_scripts:base/loot_tables/chests/blue_skies/bunker/common.js in 0.0 s
[03:24:02] [INFO] Loaded script server_scripts:base/loot_tables/chests/blue_skies/bunker/rare.js in 0.0 s
[03:24:02] [INFO] Loaded script server_scripts:base/loot_tables/chests/blue_skies/cave_spawner/chest.js in 0.0 s
[03:24:02] [INFO] Loaded script server_scripts:base/loot_tables/chests/blue_skies/loot_bags_alchemist.js in 0.0 s
[03:24:02] [INFO] Loaded script server_scripts:base/loot_tables/chests/blue_skies/loot_bags_arachnarch.js in 0.0 s
[03:24:02] [INFO] Loaded script server_scripts:base/loot_tables/chests/blue_skies/loot_bags_starlit_crusher.js in 0.0 s
[03:24:02] [INFO] Loaded script server_scripts:base/loot_tables/chests/blue_skies/loot_bags_summoner.js in 0.0 s
[03:24:02] [INFO] Loaded script server_scripts:base/loot_tables/chests/blue_skies/nature_dungeon/chest.js in 0.0 s
[03:24:02] [INFO] Loaded script server_scripts:base/loot_tables/chests/blue_skies/poison_dungeon/chest.js in 0.0 s
[03:24:02] [INFO] Loaded script server_scripts:base/loot_tables/chests/enigmatica/ae2_loot_boxes.js in 0.0 s
[03:24:02] [INFO] Loaded script server_scripts:base/loot_tables/chests/enigmatica/apotheosis_gem_cache.js in 0.0 s
[03:24:02] [INFO] Loaded script server_scripts:base/loot_tables/chests/enigmatica/ars_nouveau_glyph_cache.js in 0.0 s
[03:24:02] [INFO] Loaded script server_scripts:base/loot_tables/chests/enigmatica/ars_nouveau_loot_boxes.js in 0.0 s
[03:24:02] [INFO] Loaded script server_scripts:base/loot_tables/chests/enigmatica/create_loot_boxes.js in 0.0 s
[03:24:02] [INFO] Loaded script server_scripts:base/loot_tables/chests/enigmatica/delight_loot_boxes.js in 0.0 s
[03:24:02] [INFO] Loaded script server_scripts:base/loot_tables/chests/enigmatica/hexerei_loot_boxes.js in 0.0 s
[03:24:02] [INFO] Loaded script server_scripts:base/loot_tables/chests/enigmatica/immersive_engineering_loot_boxes.js in 0.0 s
[03:24:02] [INFO] Loaded script server_scripts:base/loot_tables/chests/enigmatica/industrial_foregoing_loot_boxes.js in 0.0 s
[03:24:02] [INFO] Loaded script server_scripts:base/loot_tables/chests/enigmatica/mekanism_loot_boxes.js in 0.0 s
[03:24:02] [INFO] Loaded script server_scripts:base/loot_tables/chests/enigmatica/natures_aura_loot_boxes.js in 0.0 s
[03:24:02] [INFO] Loaded script server_scripts:base/loot_tables/chests/enigmatica/occultism_loot_boxes.js in 0.0 s
[03:24:02] [INFO] Loaded script server_scripts:base/loot_tables/chests/enigmatica/pneumaticcraft_loot_boxes.js in 0.0 s
[03:24:02] [INFO] Loaded script server_scripts:base/loot_tables/chests/enigmatica/powah_loot_boxes.js in 0.0 s
[03:24:02] [INFO] Loaded script server_scripts:base/loot_tables/chests/enigmatica/special_loot_box.js in 0.0 s
[03:24:02] [INFO] Loaded script server_scripts:base/loot_tables/chests/enigmatica/thermal_series_loot_boxes.js in 0.0 s
[03:24:02] [INFO] Loaded script server_scripts:base/loot_tables/chests/idas/abandonedhouse/abandonedhouse_library.js in 0.0 s
[03:24:02] [INFO] Loaded script server_scripts:base/loot_tables/chests/idas/apothecary_abode/apothecary_abode.js in 0.0 s
[03:24:02] [INFO] Loaded script server_scripts:base/loot_tables/chests/idas/apothecary_abode/apothecary_abode_books.js in 0.0 s
[03:24:02] [INFO] Loaded script server_scripts:base/loot_tables/chests/idas/bazaar/bazaar_food.js in 0.0 s
[03:24:02] [INFO] Loaded script server_scripts:base/loot_tables/chests/idas/bearclaw_inn/bearclaw_inn_food.js in 0.0 s
[03:24:02] [INFO] Loaded script server_scripts:base/loot_tables/chests/idas/beekeepers_house/beekeepers_food.js in 0.0 s
[03:24:02] [INFO] Loaded script server_scripts:base/loot_tables/chests/idas/beekeepers_house/beekeepers_tools.js in 0.0 s
[03:24:02] [INFO] Loaded script server_scripts:base/loot_tables/chests/idas/brickhouse/brickhouse_library.js in 0.001 s
[03:24:02] [INFO] Loaded script server_scripts:base/loot_tables/chests/idas/castle/castle_library.js in 0.0 s
[03:24:02] [INFO] Loaded script server_scripts:base/loot_tables/chests/idas/enchantingtower/enchantingtower_library.js in 0.001 s
[03:24:02] [INFO] Loaded script server_scripts:base/loot_tables/chests/idas/farmhouse/farmhouse_food.js in 0.0 s
[03:24:02] [INFO] Loaded script server_scripts:base/loot_tables/chests/idas/haunted_manor/haunted_manor_library.js in 0.0 s
[03:24:02] [INFO] Loaded script server_scripts:base/loot_tables/chests/idas/hermits_hollow/hollow_food.js in 0.0 s
[03:24:02] [INFO] Loaded script server_scripts:base/loot_tables/chests/idas/necromancers_spire/necromancers_spire.js in 0.001 s
[03:24:02] [INFO] Loaded script server_scripts:base/loot_tables/chests/idas/pillager_fortress/pillager_library.js in 0.0 s
[03:24:02] [INFO] Loaded script server_scripts:base/loot_tables/chests/idas/replacements.js in 0.0 s
[03:24:02] [INFO] Loaded script server_scripts:base/loot_tables/chests/idas/treetop_tavern/treetop_tavern_food.js in 0.0 s
[03:24:02] [INFO] Loaded script server_scripts:base/loot_tables/chests/idas/witches_treestump/witches_treestump.js in 0.0 s
[03:24:02] [INFO] Loaded script server_scripts:base/loot_tables/chests/idas/wizardtower/wizardtower_library.js in 0.0 s
[03:24:02] [INFO] Loaded script server_scripts:base/loot_tables/chests/minecraft/ancient_city.js in 0.001 s
[03:24:02] [INFO] Loaded script server_scripts:base/loot_tables/chests/minecraft/bastion_other.js in 0.0 s
[03:24:02] [INFO] Loaded script server_scripts:base/loot_tables/chests/minecraft/bastion_treasure.js in 0.001 s
[03:24:02] [INFO] Loaded script server_scripts:base/loot_tables/chests/minecraft/desert_pyramid.js in 0.0 s
[03:24:02] [INFO] Loaded script server_scripts:base/loot_tables/chests/minecraft/end_city_treasure.js in 0.0 s
[03:24:02] [INFO] Loaded script server_scripts:base/loot_tables/chests/minecraft/jungle_temple.js in 0.0 s
[03:24:02] [INFO] Loaded script server_scripts:base/loot_tables/chests/minecraft/nether_bridge.js in 0.0 s
[03:24:02] [INFO] Loaded script server_scripts:base/loot_tables/chests/minecraft/shipwreck.js in 0.0 s
[03:24:02] [INFO] Loaded script server_scripts:base/loot_tables/chests/minecraft/simple_dungeon.js in 0.001 s
[03:24:02] [INFO] Loaded script server_scripts:base/loot_tables/chests/minecraft/village.js in 0.0 s
[03:24:02] [INFO] Loaded script server_scripts:base/loot_tables/chests/twilightforest/basement.js in 0.001 s
[03:24:02] [INFO] Loaded script server_scripts:base/loot_tables/chests/twilightforest/darktower_cache.js in 0.0 s
[03:24:02] [INFO] Loaded script server_scripts:base/loot_tables/chests/twilightforest/fancy_well.js in 0.0 s
[03:24:02] [INFO] Loaded script server_scripts:base/loot_tables/chests/twilightforest/foundation_basement.js in 0.0 s
[03:24:02] [INFO] Loaded script server_scripts:base/loot_tables/chests/twilightforest/graveyard.js in 0.0 s
[03:24:02] [INFO] Loaded script server_scripts:base/loot_tables/chests/twilightforest/hedge_maze.js in 0.0 s
[03:24:02] [INFO] Loaded script server_scripts:base/loot_tables/chests/twilightforest/hill_1.js in 0.0 s
[03:24:02] [INFO] Loaded script server_scripts:base/loot_tables/chests/twilightforest/hill_2.js in 0.0 s
[03:24:02] [INFO] Loaded script server_scripts:base/loot_tables/chests/twilightforest/hill_3.js in 0.0 s
[03:24:02] [INFO] Loaded script server_scripts:base/loot_tables/chests/twilightforest/tower_library.js in 0.001 s
[03:24:02] [INFO] Loaded script server_scripts:base/loot_tables/chests/twilightforest/tree_cache.js in 0.0 s
[03:24:02] [INFO] Loaded script server_scripts:base/loot_tables/chests/twilightforest/useless.js in 0.001 s
[03:24:02] [INFO] Loaded script server_scripts:base/loot_tables/chests/twilightforest/well.js in 0.0 s
[03:24:02] [INFO] Loaded script server_scripts:base/loot_tables/entities/byg/pumpkin_warden.js in 0.0 s
[03:24:02] [INFO] Loaded script server_scripts:base/loot_tables/entities/cnb/cactem.js in 0.0 s
[03:24:02] [INFO] Loaded script server_scripts:base/loot_tables/entities/cnb/sporeling.js in 0.0 s
[03:24:02] [INFO] Loaded script server_scripts:base/loot_tables/entities/creeperoverhaul/badlands_creeper.js in 0.0 s
[03:24:02] [INFO] Loaded script server_scripts:base/loot_tables/entities/creeperoverhaul/cave_creeper.js in 0.0 s
[03:24:02] [INFO] Loaded script server_scripts:base/loot_tables/entities/hexerei/animal_fat.js in 0.001 s
[03:24:02] [INFO] Loaded script server_scripts:base/loot_tables/entities/hexerei/crow_pickpocket_villager.js in 0.001 s
[03:24:02] [INFO] Loaded script server_scripts:base/loot_tables/entities/occultism/afrit_wild.js in 0.0 s
[03:24:02] [INFO] Loaded script server_scripts:base/loot_tables/entities/occultism/possessed_enderman.js in 0.0 s
[03:24:02] [INFO] Loaded script server_scripts:base/loot_tables/entities/occultism/wild_hunt_wither_skeleton.js in 0.0 s
[03:24:02] [INFO] Loaded script server_scripts:base/loot_tables/entities/quark/stoneling_carry.js in 0.0 s
[03:24:02] [INFO] Loaded script server_scripts:base/loot_tables/entities/twilightforest/death_tome.js in 0.0 s
[03:24:02] [INFO] Loaded script server_scripts:base/loot_tables/entities/twilightforest/maze_slime.js in 0.0 s
[03:24:02] [INFO] Loaded script server_scripts:base/recipes/ae2/transform.js in 0.0 s
[03:24:02] [INFO] Loaded script server_scripts:base/recipes/apotheosis/affixes/armor/mob_effect.js in 0.0 s
[03:24:02] [INFO] Loaded script server_scripts:base/recipes/apotheosis/affixes/sword/mob_effect.js in 0.0 s
[03:24:02] [INFO] Loaded script server_scripts:base/recipes/apotheosis/affix_loot_entries/blue_skies.js in 0.0 s
[03:24:02] [INFO] Loaded script server_scripts:base/recipes/apotheosis/affix_loot_entries/overworld.js in 0.0 s
[03:24:02] [INFO] Loaded script server_scripts:base/recipes/apotheosis/affix_loot_entries/the_bumblezone.js in 0.0 s
[03:24:02] [INFO] Loaded script server_scripts:base/recipes/apotheosis/affix_loot_entries/the_end.js in 0.0 s
[03:24:02] [INFO] Loaded script server_scripts:base/recipes/apotheosis/affix_loot_entries/the_nether.js in 0.0 s
[03:24:02] [INFO] Loaded script server_scripts:base/recipes/apotheosis/affix_loot_entries/twilight_forest.js in 0.001 s
[03:24:02] [INFO] Loaded script server_scripts:base/recipes/apotheosis/bosses/blue_skies.js in 0.0 s
[03:24:02] [INFO] Loaded script server_scripts:base/recipes/apotheosis/bosses/overworld.js in 0.0 s
[03:24:02] [INFO] Loaded script server_scripts:base/recipes/apotheosis/bosses/the_bumblezone.js in 0.0 s
[03:24:02] [INFO] Loaded script server_scripts:base/recipes/apotheosis/bosses/the_end.js in 0.0 s
[03:24:02] [INFO] Loaded script server_scripts:base/recipes/apotheosis/bosses/the_nether.js in 0.0 s
[03:24:02] [INFO] Loaded script server_scripts:base/recipes/apotheosis/bosses/twilight_forest.js in 0.0 s
[03:24:02] [INFO] Loaded script server_scripts:base/recipes/apotheosis/boss_gear/blue_skies.js in 0.0 s
[03:24:02] [INFO] Loaded script server_scripts:base/recipes/apotheosis/boss_gear/overworld.js in 0.0 s
[03:24:02] [INFO] Loaded script server_scripts:base/recipes/apotheosis/boss_gear/the_bumblezone.js in 0.0 s
[03:24:02] [INFO] Loaded script server_scripts:base/recipes/apotheosis/boss_gear/the_end.js in 0.001 s
[03:24:02] [INFO] Loaded script server_scripts:base/recipes/apotheosis/boss_gear/the_nether.js in 0.0 s
[03:24:02] [INFO] Loaded script server_scripts:base/recipes/apotheosis/boss_gear/twilight_forest.js in 0.0 s
[03:24:02] [INFO] Loaded script server_scripts:base/recipes/apotheosis/enchanting_stats.js in 0.0 s
[03:24:02] [INFO] Loaded script server_scripts:base/recipes/apotheosis/gems/everbright.js in 0.0 s
[03:24:02] [INFO] Loaded script server_scripts:base/recipes/apotheosis/gems/everdawn.js in 0.0 s
[03:24:02] [INFO] Loaded script server_scripts:base/recipes/apotheosis/gems/overworld.js in 0.0 s
[03:24:02] [INFO] Loaded script server_scripts:base/recipes/apotheosis/gems/the_end.js in 0.0 s
[03:24:02] [INFO] Loaded script server_scripts:base/recipes/apotheosis/gems/the_nether.js in 0.0 s
[03:24:02] [INFO] Loaded script server_scripts:base/recipes/apotheosis/gems/twilight_forest.js in 0.0 s
[03:24:02] [INFO] Loaded script server_scripts:base/recipes/apotheosis/minibosses/ars_nouveau.js in 0.0 s
[03:24:02] [INFO] Loaded script server_scripts:base/recipes/apotheosis/minibosses/cnb.js in 0.0 s
[03:24:02] [INFO] Loaded script server_scripts:base/recipes/apotheosis/minibosses/hexerei.js in 0.0 s
[03:24:02] [INFO] Loaded script server_scripts:base/recipes/apotheosis/minibosses/minecraft.js in 0.0 s
[03:24:02] [INFO] Loaded script server_scripts:base/recipes/apotheosis/minibosses/occultism.js in 0.0 s
[03:24:02] [INFO] Loaded script server_scripts:base/recipes/apotheosis/minibosses/thermal.js in 0.001 s
[03:24:02] [INFO] Loaded script server_scripts:base/recipes/apotheosis/minibosses/twilightforest.js in 0.0 s
[03:24:02] [INFO] Loaded script server_scripts:base/recipes/apotheosis/miniboss_gear/afrit_wild.js in 0.0 s
[03:24:02] [INFO] Loaded script server_scripts:base/recipes/apotheosis/miniboss_gear/basalz.js in 0.0 s
[03:24:02] [INFO] Loaded script server_scripts:base/recipes/apotheosis/miniboss_gear/blaze.js in 0.0 s
[03:24:02] [INFO] Loaded script server_scripts:base/recipes/apotheosis/miniboss_gear/blitz.js in 0.0 s
[03:24:02] [INFO] Loaded script server_scripts:base/recipes/apotheosis/miniboss_gear/blizz.js in 0.0 s
[03:24:02] [INFO] Loaded script server_scripts:base/recipes/apotheosis/miniboss_gear/cave_troll.js in 0.0 s
[03:24:02] [INFO] Loaded script server_scripts:base/recipes/apotheosis/miniboss_gear/drowned.js in 0.0 s
[03:24:02] [INFO] Loaded script server_scripts:base/recipes/apotheosis/miniboss_gear/empty.js in 0.0 s
[03:24:02] [INFO] Loaded script server_scripts:base/recipes/apotheosis/miniboss_gear/enderman.js in 0.0 s
[03:24:02] [INFO] Loaded script server_scripts:base/recipes/apotheosis/miniboss_gear/iron_golem.js in 0.0 s
[03:24:02] [INFO] Loaded script server_scripts:base/recipes/apotheosis/miniboss_gear/kobold.js in 0.0 s
[03:24:02] [INFO] Loaded script server_scripts:base/recipes/apotheosis/miniboss_gear/lich.js in 0.0 s
[03:24:02] [INFO] Loaded script server_scripts:base/recipes/apotheosis/miniboss_gear/minoshroom.js in 0.0 s
[03:24:02] [INFO] Loaded script server_scripts:base/recipes/apotheosis/miniboss_gear/minotaur.js in 0.0 s
[03:24:02] [INFO] Loaded script server_scripts:base/recipes/apotheosis/miniboss_gear/piglin.js in 0.001 s
[03:24:02] [INFO] Loaded script server_scripts:base/recipes/apotheosis/miniboss_gear/piglin_brute.js in 0.0 s
[03:24:02] [INFO] Loaded script server_scripts:base/recipes/apotheosis/miniboss_gear/pillager.js in 0.0 s
[03:24:02] [INFO] Loaded script server_scripts:base/recipes/apotheosis/miniboss_gear/possessed_enderman.js in 0.0 s
[03:24:02] [INFO] Loaded script server_scripts:base/recipes/apotheosis/miniboss_gear/redcap.js in 0.0 s
[03:24:02] [INFO] Loaded script server_scripts:base/recipes/apotheosis/miniboss_gear/skeleton.js in 0.0 s
[03:24:02] [INFO] Loaded script server_scripts:base/recipes/apotheosis/miniboss_gear/skeleton_druid.js in 0.001 s
[03:24:02] [INFO] Loaded script server_scripts:base/recipes/apotheosis/miniboss_gear/snow_queen.js in 0.0 s
[03:24:02] [INFO] Loaded script server_scripts:base/recipes/apotheosis/miniboss_gear/sporeling.js in 0.001 s
[03:24:02] [INFO] Loaded script server_scripts:base/recipes/apotheosis/miniboss_gear/stray.js in 0.0 s
[03:24:02] [INFO] Loaded script server_scripts:base/recipes/apotheosis/miniboss_gear/vex.js in 0.0 s
[03:24:02] [INFO] Loaded script server_scripts:base/recipes/apotheosis/miniboss_gear/vindicator.js in 0.0 s
[03:24:02] [INFO] Loaded script server_scripts:base/recipes/apotheosis/miniboss_gear/weald_walker.js in 0.0 s
[03:24:02] [INFO] Loaded script server_scripts:base/recipes/apotheosis/miniboss_gear/wild_hunt.js in 0.0 s
[03:24:02] [INFO] Loaded script server_scripts:base/recipes/apotheosis/miniboss_gear/witch.js in 0.0 s
[03:24:02] [INFO] Loaded script server_scripts:base/recipes/apotheosis/miniboss_gear/wither_skeleton.js in 0.0 s
[03:24:02] [INFO] Loaded script server_scripts:base/recipes/apotheosis/wanderer_trades.js in 0.0 s
[03:24:02] [INFO] Loaded script server_scripts:base/recipes/ars_nouveau/caster_tome.js in 0.0 s
[03:24:02] [INFO] Loaded script server_scripts:base/recipes/ars_nouveau/crushing.js in 0.0 s
[03:24:02] [INFO] Loaded script server_scripts:base/recipes/ars_nouveau/enchanting_apparatus.js in 0.0 s
[03:24:02] [INFO] Loaded script server_scripts:base/recipes/ars_nouveau/enchantment.js in 0.001 s
[03:24:02] [INFO] Loaded script server_scripts:base/recipes/ars_nouveau/glyph.js in 0.0 s
[03:24:02] [INFO] Loaded script server_scripts:base/recipes/ars_nouveau/shaped.js in 0.001 s
[03:24:02] [INFO] Loaded script server_scripts:base/recipes/ars_nouveau/shapeless.js in 0.0 s
[03:24:02] [INFO] Loaded script server_scripts:base/recipes/ars_scalaes/shaped.js in 0.0 s
[03:24:02] [INFO] Loaded script server_scripts:base/recipes/blue_skies/shaped.js in 0.0 s
[03:24:02] [INFO] Loaded script server_scripts:base/recipes/blue_skies/shapeless.js in 0.0 s
[03:24:02] [INFO] Loaded script server_scripts:base/recipes/byg/sandstones.js in 0.0 s
[03:24:02] [INFO] Loaded script server_scripts:base/recipes/byg/shaped.js in 0.0 s
[03:24:02] [INFO] Loaded script server_scripts:base/recipes/byg/shapeless.js in 0.0 s
[03:24:02] [INFO] Loaded script server_scripts:base/recipes/create/compacting.js in 0.0 s
[03:24:02] [INFO] Loaded script server_scripts:base/recipes/create/crushing.js in 0.0 s
[03:24:02] [INFO] Loaded script server_scripts:base/recipes/create/cutting.js in 0.0 s
[03:24:02] [INFO] Loaded script server_scripts:base/recipes/create/emptying.js in 0.001 s
[03:24:02] [INFO] Loaded script server_scripts:base/recipes/create/haunting.js in 0.0 s
[03:24:02] [INFO] Loaded script server_scripts:base/recipes/create/mechanical_crafting.js in 0.0 s
[03:24:02] [INFO] Loaded script server_scripts:base/recipes/create/milling.js in 0.0 s
[03:24:02] [INFO] Loaded script server_scripts:base/recipes/create/mixing.js in 0.0 s
[03:24:02] [INFO] Loaded script server_scripts:base/recipes/create/pressing.js in 0.0 s
[03:24:02] [INFO] Loaded script server_scripts:base/recipes/create/sandpaper_polishing.js in 0.0 s
[03:24:02] [INFO] Loaded script server_scripts:base/recipes/create/shaped.js in 0.0 s
[03:24:02] [INFO] Loaded script server_scripts:base/recipes/createaddition/charging.js in 0.0 s
[03:24:02] [INFO] Loaded script server_scripts:base/recipes/createaddition/liquid_burning.js in 0.0 s
[03:24:02] [INFO] Loaded script server_scripts:base/recipes/createaddition/rolling.js in 0.001 s
[03:24:02] [INFO] Loaded script server_scripts:base/recipes/eccentrictome/shapeless.js in 0.0 s
[03:24:02] [INFO] Loaded script server_scripts:base/recipes/emendatusenigmatica/EE_conversion.js in 0.0 s
[03:24:02] [INFO] Loaded script server_scripts:base/recipes/emendatusenigmatica/shaped.js in 0.0 s
[03:24:02] [INFO] Loaded script server_scripts:base/recipes/emendatusenigmatica/shapeless.js in 0.0 s
[03:24:02] [INFO] Loaded script server_scripts:base/recipes/enigmatica/crushing.js in 0.0 s
[03:24:02] [INFO] Loaded script server_scripts:base/recipes/enigmatica/dye_crushing.js in 0.001 s
[03:24:02] [INFO] Loaded script server_scripts:base/recipes/enigmatica/remove.js in 0.0 s
[03:24:02] [INFO] Loaded script server_scripts:base/recipes/enigmatica/replace_input.js in 0.0 s
[03:24:02] [INFO] Loaded script server_scripts:base/recipes/enigmatica/shaped.js in 0.0 s
[03:24:02] [INFO] Loaded script server_scripts:base/recipes/enigmatica/shapeless.js in 0.0 s
[03:24:02] [INFO] Loaded script server_scripts:base/recipes/enigmatica/stoneworks.js in 0.0 s
[03:24:02] [INFO] Loaded script server_scripts:base/recipes/explorerscompass/shaped.js in 0.0 s
[03:24:02] [INFO] Loaded script server_scripts:base/recipes/farmersdelight/cooking_pot.js in 0.0 s
[03:24:02] [INFO] Loaded script server_scripts:base/recipes/farmersdelight/cutting.js in 0.0 s
[03:24:02] [INFO] Loaded script server_scripts:base/recipes/framedblocks/shaped.js in 0.0 s
[03:24:02] [INFO] Loaded script server_scripts:base/recipes/functionalstorage/compacting.js in 0.0 s
[03:24:02] [INFO] Loaded script server_scripts:base/recipes/gateways/gateways.js in 0.001 s
[03:24:02] [INFO] Loaded script server_scripts:base/recipes/hexerei/add_to_candle.js in 0.0 s
[03:24:02] [INFO] Loaded script server_scripts:base/recipes/hexerei/mixingcauldron.js in 0.0 s
[03:24:02] [INFO] Loaded script server_scripts:base/recipes/hexerei/pestle_and_mortar.js in 0.001 s
[03:24:02] [INFO] Loaded script server_scripts:base/recipes/immersiveengineering/arc_recycling_list.js in 0.0 s
[03:24:02] [INFO] Loaded script server_scripts:base/recipes/immersiveengineering/bottling_machine.js in 0.0 s
[03:24:02] [INFO] Loaded script server_scripts:base/recipes/immersiveengineering/cloche.js in 0.0 s
[03:24:02] [INFO] Loaded script server_scripts:base/recipes/immersiveengineering/coke_oven.js in 0.0 s
[03:24:02] [INFO] Loaded script server_scripts:base/recipes/immersiveengineering/crusher.js in 0.0 s
[03:24:02] [INFO] Loaded script server_scripts:base/recipes/immersiveengineering/fermenter.js in 0.0 s
[03:24:02] [INFO] Loaded script server_scripts:base/recipes/immersiveengineering/generator_fuel.js in 0.0 s
[03:24:02] [INFO] Loaded script server_scripts:base/recipes/immersiveengineering/metalpress.js in 0.0 s
[03:24:02] [INFO] Loaded script server_scripts:base/recipes/immersiveengineering/refinery.js in 0.0 s
[03:24:02] [INFO] Loaded script server_scripts:base/recipes/immersiveengineering/sawmill.js in 0.001 s
[03:24:02] [INFO] Loaded script server_scripts:base/recipes/immersiveengineering/shaped.js in 0.0 s
[03:24:02] [INFO] Loaded script server_scripts:base/recipes/immersiveengineering/shapeless.js in 0.0 s
[03:24:02] [INFO] Loaded script server_scripts:base/recipes/immersiveengineering/squeezer.js in 0.0 s
[03:24:02] [INFO] Loaded script server_scripts:base/recipes/industrialforegoing/crusher.js in 0.0 s
[03:24:02] [INFO] Loaded script server_scripts:base/recipes/industrialforegoing/dissolution_chamber.js in 0.0 s
[03:24:02] [INFO] Loaded script server_scripts:base/recipes/industrialforegoing/laser_drill_ore.js in 0.0 s
[03:24:02] [INFO] Loaded script server_scripts:base/recipes/industrialforegoing/shapeless.js in 0.0 s
[03:24:02] [INFO] Loaded script server_scripts:base/recipes/industrialforegoing/stonework_generate.js in 0.0 s
[03:24:02] [INFO] Loaded script server_scripts:base/recipes/lychee/block_interacting.js in 0.002 s
[03:24:02] [INFO] Loaded script server_scripts:base/recipes/lychee/dripstone_dripping.js in 0.0 s
[03:24:02] [INFO] Loaded script server_scripts:base/recipes/lychee/item_burning.js in 0.0 s
[03:24:02] [INFO] Loaded script server_scripts:base/recipes/lychee/jei_dummy_recipes.js in 0.0 s
[03:24:02] [INFO] Loaded script server_scripts:base/recipes/mekanism/crushing.js in 0.0 s
[03:24:02] [INFO] Loaded script server_scripts:base/recipes/mekanism/enriching.js in 0.001 s
[03:24:02] [INFO] Loaded script server_scripts:base/recipes/mekanism/item_to_infuse.js in 0.001 s
[03:24:02] [INFO] Loaded script server_scripts:base/recipes/mekanism/metallurgic_infusing.js in 0.001 s
[03:24:02] [INFO] Loaded script server_scripts:base/recipes/mekanism/pigment_extracting.js in 0.0 s
[03:24:02] [INFO] Loaded script server_scripts:base/recipes/mekanism/sawing.js in 0.0 s
[03:24:02] [INFO] Loaded script server_scripts:base/recipes/minecraft/cooking.js in 0.0 s
[03:24:02] [INFO] Loaded script server_scripts:base/recipes/minecraft/shaped.js in 0.0 s
[03:24:02] [INFO] Loaded script server_scripts:base/recipes/minecraft/shapeless.js in 0.0 s
[03:24:02] [INFO] Loaded script server_scripts:base/recipes/minecraft/smelting.js in 0.001 s
[03:24:02] [INFO] Loaded script server_scripts:base/recipes/minecraft/stonecutting.js in 0.0 s
[03:24:02] [INFO] Loaded script server_scripts:base/recipes/naturesaura/altar.js in 0.0 s
[03:24:02] [INFO] Loaded script server_scripts:base/recipes/naturesaura/animal_spawner.js in 0.001 s
[03:24:02] [INFO] Loaded script server_scripts:base/recipes/naturesaura/patchouli_safe_remove.js in 0.0 s
[03:24:02] [INFO] Loaded script server_scripts:base/recipes/naturesaura/shaped.js in 0.0 s
[03:24:02] [INFO] Loaded script server_scripts:base/recipes/nomadictents/shaped.js in 0.0 s
[03:24:02] [INFO] Loaded script server_scripts:base/recipes/occultism/dimensional_mineshaft.js in 0.0 s
[03:24:02] [INFO] Loaded script server_scripts:base/recipes/occultism/ritual.js in 0.0 s
[03:24:02] [INFO] Loaded script server_scripts:base/recipes/occultism/shapeless.js in 0.0 s
[03:24:02] [INFO] Loaded script server_scripts:base/recipes/pneumaticcraft/fuel_quality.js in 0.0 s
[03:24:02] [INFO] Loaded script server_scripts:base/recipes/pneumaticcraft/heat_properties.js in 0.0 s
[03:24:02] [INFO] Loaded script server_scripts:base/recipes/pneumaticcraft/shaped.js in 0.001 s
[03:24:02] [INFO] Loaded script server_scripts:base/recipes/pneumaticcraft/thermo_plant.js in 0.0 s
[03:24:02] [INFO] Loaded script server_scripts:base/recipes/powah/energizing.js in 0.0 s
[03:24:02] [INFO] Loaded script server_scripts:base/recipes/powah/heat_sources.js in 0.001 s
[03:24:02] [INFO] Loaded script server_scripts:base/recipes/powah/liquid_coolants.js in 0.0 s
[03:24:02] [INFO] Loaded script server_scripts:base/recipes/powah/magmatic_fluids.js in 0.0 s
[03:24:02] [INFO] Loaded script server_scripts:base/recipes/powah/shaped.js in 0.0 s
[03:24:02] [INFO] Loaded script server_scripts:base/recipes/powah/solid_coolants.js in 0.0 s
[03:24:02] [INFO] Loaded script server_scripts:base/recipes/quark/shaped.js in 0.0 s
[03:24:02] [INFO] Loaded script server_scripts:base/recipes/quark/shapeless.js in 0.0 s
[03:24:02] [INFO] Loaded script server_scripts:base/recipes/rftools/shapeless.js in 0.0 s
[03:24:02] [INFO] Loaded script server_scripts:base/recipes/smallships/remove.js in 0.0 s
[03:24:02] [INFO] Loaded script server_scripts:base/recipes/spirit/shapeless.js in 0.0 s
[03:24:02] [INFO] Loaded script server_scripts:base/recipes/starbunclemania/fluid_sourcelink.js in 0.0 s
[03:24:02] [INFO] Loaded script server_scripts:base/recipes/supplementaries/shaped.js in 0.001 s
[03:24:02] [INFO] Loaded script server_scripts:base/recipes/thermal/brewer.js in 0.0 s
[03:24:02] [INFO] Loaded script server_scripts:base/recipes/thermal/centrifuge.js in 0.0 s
[03:24:02] [INFO] Loaded script server_scripts:base/recipes/thermal/chiller.js in 0.0 s
[03:24:02] [INFO] Loaded script server_scripts:base/recipes/thermal/crucible.js in 0.0 s
[03:24:02] [INFO] Loaded script server_scripts:base/recipes/thermal/crystallizer.js in 0.0 s
[03:24:02] [INFO] Loaded script server_scripts:base/recipes/thermal/fuel/compression.js in 0.0 s
[03:24:02] [INFO] Loaded script server_scripts:base/recipes/thermal/fuel/lapidary.js in 0.0 s
[03:24:02] [INFO] Loaded script server_scripts:base/recipes/thermal/hive_extractor.js in 0.0 s
[03:24:02] [INFO] Loaded script server_scripts:base/recipes/thermal/insolator.js in 0.0 s
[03:24:02] [INFO] Loaded script server_scripts:base/recipes/thermal/insolator_catalyst.js in 0.0 s
[03:24:02] [INFO] Loaded script server_scripts:base/recipes/thermal/press.js in 0.0 s
[03:24:02] [INFO] Loaded script server_scripts:base/recipes/thermal/pulverizer.js in 0.0 s
[03:24:02] [INFO] Loaded script server_scripts:base/recipes/thermal/pulverizer_catalyst.js in 0.0 s
[03:24:02] [INFO] Loaded script server_scripts:base/recipes/thermal/pyrolyzer.js in 0.001 s
[03:24:02] [INFO] Loaded script server_scripts:base/recipes/thermal/refinery.js in 0.0 s
[03:24:02] [INFO] Loaded script server_scripts:base/recipes/thermal/rock_gen.js in 0.001 s
[03:24:02] [INFO] Loaded script server_scripts:base/recipes/thermal/sawmill.js in 0.001 s
[03:24:02] [INFO] Loaded script server_scripts:base/recipes/thermal/smelter.js in 0.0 s
[03:24:02] [INFO] Loaded script server_scripts:base/recipes/thermal/smelter_catalyst.js in 0.0 s
[03:24:02] [INFO] Loaded script server_scripts:base/recipes/thermal/tree_extractor.js in 0.0 s
[03:24:02] [INFO] Loaded script server_scripts:base/recipes/thermal/tree_extractor_boost.js in 0.0 s
[03:24:02] [INFO] Loaded script server_scripts:base/recipes/the_bumblezone/bz_bee_queen_trades.js in 0.0 s
[03:24:02] [INFO] Loaded script server_scripts:base/recipes/twilightforest/shaped.js in 0.0 s
[03:24:02] [INFO] Loaded script server_scripts:base/recipes/twilightforest/shapeless.js in 0.0 s
[03:24:02] [INFO] Loaded script server_scripts:base/recipes/twilightforest/stalactites.js in 0.0 s
[03:24:02] [INFO] Loaded script server_scripts:base/tags/biome/occultism/allows_shub_niggurath_transformation.js in 0.0 s
[03:24:02] [INFO] Loaded script server_scripts:base/tags/blocks/ae2/growth_acceleratable.js in 0.0 s
[03:24:02] [INFO] Loaded script server_scripts:base/tags/blocks/ars_nouveau/break_blacklist.js in 0.0 s
[03:24:02] [INFO] Loaded script server_scripts:base/tags/blocks/ars_nouveau/golem.js in 0.0 s
[03:24:02] [INFO] Loaded script server_scripts:base/tags/blocks/ars_nouveau/gravity_blacklist.js in 0.0 s
[03:24:02] [INFO] Loaded script server_scripts:base/tags/blocks/ars_nouveau/harvest.js in 0.0 s
[03:24:02] [INFO] Loaded script server_scripts:base/tags/blocks/ars_nouveau/whirlisprig.js in 0.0 s
[03:24:02] [INFO] Loaded script server_scripts:base/tags/blocks/blue_skies/storage_blocks.js in 0.0 s
[03:24:02] [INFO] Loaded script server_scripts:base/tags/blocks/buildinggadgets/blacklists.js in 0.0 s
[03:24:02] [INFO] Loaded script server_scripts:base/tags/blocks/byg/farmland.js in 0.0 s
[03:24:02] [INFO] Loaded script server_scripts:base/tags/blocks/create/passive_boiler_heaters.js in 0.0 s
[03:24:02] [INFO] Loaded script server_scripts:base/tags/blocks/emendatusenigmatica/gold_block.js in 0.0 s
[03:24:02] [INFO] Loaded script server_scripts:base/tags/blocks/enigmatica/cobbleworks.js in 0.001 s
[03:24:02] [INFO] Loaded script server_scripts:base/tags/blocks/enigmatica/heartwood.js in 0.0 s
[03:24:02] [INFO] Loaded script server_scripts:base/tags/blocks/enigmatica/tree_of_life_pillar.js in 0.0 s
[03:24:02] [INFO] Loaded script server_scripts:base/tags/blocks/entangled/invalid_targets.js in 0.0 s
[03:24:02] [INFO] Loaded script server_scripts:base/tags/blocks/forge/netherrack.js in 0.0 s
[03:24:02] [INFO] Loaded script server_scripts:base/tags/blocks/forge/ores.js in 0.0 s
[03:24:02] [INFO] Loaded script server_scripts:base/tags/blocks/forge/relocation_not_supported.js in 0.0 s
[03:24:02] [INFO] Loaded script server_scripts:base/tags/blocks/forge/storage_blocks.js in 0.0 s
[03:24:02] [INFO] Loaded script server_scripts:base/tags/blocks/forge/workbenches.js in 0.0 s
[03:24:02] [INFO] Loaded script server_scripts:base/tags/blocks/mekanism/cardboard_blacklist.js in 0.0 s
[03:24:02] [INFO] Loaded script server_scripts:base/tags/blocks/minecraft/base_stone_overworld.js in 0.0 s
[03:24:02] [INFO] Loaded script server_scripts:base/tags/blocks/minecraft/candles.js in 0.0 s
[03:24:02] [INFO] Loaded script server_scripts:base/tags/blocks/minecraft/dirt.js in 0.001 s
[03:24:02] [INFO] Loaded script server_scripts:base/tags/blocks/minecraft/dragon_immune.js in 0.0 s
[03:24:02] [INFO] Loaded script server_scripts:base/tags/blocks/minecraft/enderman_holdable.js in 0.0 s
[03:24:02] [INFO] Loaded script server_scripts:base/tags/blocks/minecraft/mineable.js in 0.0 s
[03:24:02] [INFO] Loaded script server_scripts:base/tags/blocks/minecraft/wither_immune.js in 0.0 s
[03:24:02] [INFO] Loaded script server_scripts:base/tags/blocks/minecraft/wooden_slabs.js in 0.0 s
[03:24:02] [INFO] Loaded script server_scripts:base/tags/blocks/minecraft/wooden_stairs.js in 0.0 s
[03:24:02] [INFO] Loaded script server_scripts:base/tags/enchantment/blacklisted_crystalline_flower_enchantments.js in 0.0 s
[03:24:02] [INFO] Loaded script server_scripts:base/tags/enchantment/crystalline_flower.js in 0.0 s
[03:24:02] [INFO] Loaded script server_scripts:base/tags/entity_type/ars_nouveau/drygmy_blacklist.js in 0.0 s
[03:24:02] [INFO] Loaded script server_scripts:base/tags/entity_type/create/ignore_seat.js in 0.0 s
[03:24:02] [INFO] Loaded script server_scripts:base/tags/entity_type/enigmatica/azulfo.js in 0.0 s
[03:24:02] [INFO] Loaded script server_scripts:base/tags/entity_type/enigmatica/deer.js in 0.0 s
[03:24:02] [INFO] Loaded script server_scripts:base/tags/entity_type/enigmatica/elementals.js in 0.0 s
[03:24:02] [INFO] Loaded script server_scripts:base/tags/entity_type/enigmatica/mob_spawner_blacklist.js in 0.0 s
[03:24:02] [INFO] Loaded script server_scripts:base/tags/entity_type/enigmatica/ravens.js in 0.0 s
[03:24:02] [INFO] Loaded script server_scripts:base/tags/entity_type/friendlyfire/general_protection.js in 0.0 s
[03:24:02] [INFO] Loaded script server_scripts:base/tags/entity_type/industrialforegoing/mob_imprisonment_tool_blacklist.js in 0.0 s
[03:24:02] [INFO] Loaded script server_scripts:base/tags/entity_type/occultism/familiars.js in 0.0 s
[03:24:02] [INFO] Loaded script server_scripts:base/tags/entity_type/occultism/humans.js in 0.0 s
[03:24:02] [INFO] Loaded script server_scripts:base/tags/entity_type/occultism/soul_gem_deny_list.js in 0.0 s
[03:24:02] [INFO] Loaded script server_scripts:base/tags/entity_type/pneumaticcraft/vacuum_trap_blacklist.js in 0.0 s
[03:24:02] [INFO] Loaded script server_scripts:base/tags/entity_type/pvi/replace_vanilla_navigator.js in 0.0 s
[03:24:02] [INFO] Loaded script server_scripts:base/tags/entity_type/spirit/collect_blacklisted.js in 0.0 s
[03:24:02] [INFO] Loaded script server_scripts:base/tags/entity_type/spirit/soul_cage_blacklisted.js in 0.0 s
[03:24:02] [INFO] Loaded script server_scripts:base/tags/fluids/create/bottomless_allow.js in 0.0 s
[03:24:02] [INFO] Loaded script server_scripts:base/tags/fluids/forge/abyssal_seawater.js in 0.0 s
[03:24:02] [INFO] Loaded script server_scripts:base/tags/fluids/forge/ambrosia.js in 0.0 s
[03:24:02] [INFO] Loaded script server_scripts:base/tags/fluids/forge/biofuel.js in 0.001 s
[03:24:02] [INFO] Loaded script server_scripts:base/tags/fluids/forge/blighted_ichor.js in 0.0 s
[03:24:02] [INFO] Loaded script server_scripts:base/tags/fluids/forge/blood.js in 0.0 s
[03:24:02] [INFO] Loaded script server_scripts:base/tags/fluids/forge/elysium.js in 0.0 s
[03:24:02] [INFO] Loaded script server_scripts:base/tags/fluids/forge/ether_gas.js in 0.0 s
[03:24:02] [INFO] Loaded script server_scripts:base/tags/fluids/forge/magicite.js in 0.0 s
[03:24:02] [INFO] Loaded script server_scripts:base/tags/fluids/forge/mendosteen_mash.js in 0.0 s
[03:24:02] [INFO] Loaded script server_scripts:base/tags/fluids/forge/nutritional_paste.js in 0.0 s
[03:24:02] [INFO] Loaded script server_scripts:base/tags/fluids/forge/plantoil.js in 0.0 s
[03:24:02] [INFO] Loaded script server_scripts:base/tags/fluids/forge/quicksilver.js in 0.0 s
[03:24:02] [INFO] Loaded script server_scripts:base/tags/fluids/forge/refined_fuel.js in 0.0 s
[03:24:02] [INFO] Loaded script server_scripts:base/tags/fluids/forge/source.js in 0.0 s
[03:24:02] [INFO] Loaded script server_scripts:base/tags/fluids/forge/tallow.js in 0.0 s
[03:24:02] [INFO] Loaded script server_scripts:base/tags/fluids/forge/tree_oil.js in 0.0 s
[03:24:02] [INFO] Loaded script server_scripts:base/tags/fluids/immersiveengineering/drill_fuel.js in 0.0 s
[03:24:02] [INFO] Loaded script server_scripts:base/tags/fluids/minecraft/lava.js in 0.001 s
[03:24:02] [INFO] Loaded script server_scripts:base/tags/fluids/minecraft/water.js in 0.0 s
[03:24:02] [INFO] Loaded script server_scripts:base/tags/items/ae2/can_remove_color.js in 0.0 s
[03:24:02] [INFO] Loaded script server_scripts:base/tags/items/ae2/p2p_attunements.js in 0.0 s
[03:24:02] [INFO] Loaded script server_scripts:base/tags/items/ae2/sky_stone.js in 0.0 s
[03:24:02] [INFO] Loaded script server_scripts:base/tags/items/ars_nouveau/golem.js in 0.0 s
[03:24:02] [INFO] Loaded script server_scripts:base/tags/items/ars_nouveau/interact_jar_blacklist.js in 0.0 s
[03:24:02] [INFO] Loaded script server_scripts:base/tags/items/blue_skies/gems.js in 0.0 s
[03:24:02] [INFO] Loaded script server_scripts:base/tags/items/blue_skies/ingots.js in 0.0 s
[03:24:02] [INFO] Loaded script server_scripts:base/tags/items/blue_skies/nuggets.js in 0.0 s
[03:24:02] [INFO] Loaded script server_scripts:base/tags/items/blue_skies/ores.js in 0.0 s
[03:24:02] [INFO] Loaded script server_scripts:base/tags/items/blue_skies/raw_materials.js in 0.0 s
[03:24:02] [INFO] Loaded script server_scripts:base/tags/items/blue_skies/storage_blocks.js in 0.0 s
[03:24:02] [INFO] Loaded script server_scripts:base/tags/items/blue_skies/tools.js in 0.0 s
[03:24:02] [INFO] Loaded script server_scripts:base/tags/items/byg/dyes.js in 0.0 s
[03:24:02] [INFO] Loaded script server_scripts:base/tags/items/create/andesite_alloy.js in 0.0 s
[03:24:02] [INFO] Loaded script server_scripts:base/tags/items/create/crushed_ores.js in 0.0 s
[03:24:02] [INFO] Loaded script server_scripts:base/tags/items/create/stones.js in 0.0 s
[03:24:02] [INFO] Loaded script server_scripts:base/tags/items/create/upright_on_belt.js in 0.0 s
[03:24:02] [INFO] Loaded script server_scripts:base/tags/items/curios/bundle.js in 0.0 s
[03:24:02] [INFO] Loaded script server_scripts:base/tags/items/emendatusenigmatica/coal_coke.js in 0.0 s
[03:24:02] [INFO] Loaded script server_scripts:base/tags/items/emendatusenigmatica/gold.js in 0.0 s
[03:24:02] [INFO] Loaded script server_scripts:base/tags/items/enigmatica/cobbleworks.js in 0.0 s
[03:24:02] [INFO] Loaded script server_scripts:base/tags/items/enigmatica/dye_source.js in 0.0 s
[03:24:02] [INFO] Loaded script server_scripts:base/tags/items/enigmatica/soils.js in 0.0 s
[03:24:02] [INFO] Loaded script server_scripts:base/tags/items/enigmatica/stonecutter.js in 0.0 s
[03:24:02] [INFO] Loaded script server_scripts:base/tags/items/enigmatica/storage/air.js in 0.0 s
[03:24:02] [INFO] Loaded script server_scripts:base/tags/items/enigmatica/storage/bags.js in 0.0 s
[03:24:02] [INFO] Loaded script server_scripts:base/tags/items/enigmatica/storage/basic.js in 0.0 s
[03:24:02] [INFO] Loaded script server_scripts:base/tags/items/enigmatica/storage/bulk.js in 0.0 s
[03:24:02] [INFO] Loaded script server_scripts:base/tags/items/enigmatica/storage/energy.js in 0.0 s
[03:24:02] [INFO] Loaded script server_scripts:base/tags/items/enigmatica/storage/gases.js in 0.0 s
[03:24:02] [INFO] Loaded script server_scripts:base/tags/items/enigmatica/storage/liquids.js in 0.0 s
[03:24:02] [INFO] Loaded script server_scripts:base/tags/items/enigmatica/washables.js in 0.0 s
[03:24:02] [INFO] Loaded script server_scripts:base/tags/items/enigmatica/weapons/melee.js in 0.0 s
[03:24:02] [INFO] Loaded script server_scripts:base/tags/items/enigmatica/weapons/ranged.js in 0.0 s
[03:24:02] [INFO] Loaded script server_scripts:base/tags/items/forge/armor/boots.js in 0.0 s
[03:24:02] [INFO] Loaded script server_scripts:base/tags/items/forge/armor/chests.js in 0.0 s
[03:24:02] [INFO] Loaded script server_scripts:base/tags/items/forge/armor/helms.js in 0.0 s
[03:24:02] [INFO] Loaded script server_scripts:base/tags/items/forge/armor/legs.js in 0.0 s
[03:24:02] [INFO] Loaded script server_scripts:base/tags/items/forge/bookshelves.js in 0.0 s
[03:24:02] [INFO] Loaded script server_scripts:base/tags/items/forge/carpet.js in 0.0 s
[03:24:02] [INFO] Loaded script server_scripts:base/tags/items/forge/cobblestone.js in 0.0 s
[03:24:02] [INFO] Loaded script server_scripts:base/tags/items/forge/cobblestone_slabs.js in 0.0 s
[03:24:02] [INFO] Loaded script server_scripts:base/tags/items/forge/concrete_powder.js in 0.0 s
[03:24:02] [INFO] Loaded script server_scripts:base/tags/items/forge/corals.js in 0.0 s
[03:24:02] [INFO] Loaded script server_scripts:base/tags/items/forge/crops.js in 0.0 s
[03:24:02] [INFO] Loaded script server_scripts:base/tags/items/forge/dirt.js in 0.0 s
[03:24:02] [INFO] Loaded script server_scripts:base/tags/items/forge/dusts.js in 0.0 s
[03:24:02] [INFO] Loaded script server_scripts:base/tags/items/forge/dyes.js in 0.0 s
[03:24:02] [INFO] Loaded script server_scripts:base/tags/items/forge/essences.js in 0.0 s
[03:24:02] [INFO] Loaded script server_scripts:base/tags/items/forge/fabrics.js in 0.0 s
[03:24:02] [INFO] Loaded script server_scripts:base/tags/items/forge/foods/meat.js in 0.0 s
[03:24:02] [INFO] Loaded script server_scripts:base/tags/items/forge/gems.js in 0.0 s
[03:24:02] [INFO] Loaded script server_scripts:base/tags/items/forge/glass_panes.js in 0.0 s
[03:24:02] [INFO] Loaded script server_scripts:base/tags/items/forge/glazed_terracotta.js in 0.0 s
[03:24:02] [INFO] Loaded script server_scripts:base/tags/items/forge/glyphs.js in 0.0 s
[03:24:02] [INFO] Loaded script server_scripts:base/tags/items/forge/grass.js in 0.0 s
[03:24:02] [INFO] Loaded script server_scripts:base/tags/items/forge/ingots.js in 0.0 s
[03:24:02] [INFO] Loaded script server_scripts:base/tags/items/forge/lights.js in 0.001 s
[03:24:02] [INFO] Loaded script server_scripts:base/tags/items/forge/manuals.js in 0.0 s
[03:24:02] [INFO] Loaded script server_scripts:base/tags/items/forge/mushrooms.js in 0.0 s
[03:24:02] [INFO] Loaded script server_scripts:base/tags/items/forge/netherbricks.js in 0.0 s
[03:24:02] [INFO] Loaded script server_scripts:base/tags/items/forge/netherrack.js in 0.0 s
[03:24:02] [INFO] Loaded script server_scripts:base/tags/items/forge/nuggets.js in 0.0 s
[03:24:02] [INFO] Loaded script server_scripts:base/tags/items/forge/ores.js in 0.0 s
[03:24:02] [INFO] Loaded script server_scripts:base/tags/items/forge/pies.js in 0.0 s
[03:24:02] [INFO] Loaded script server_scripts:base/tags/items/forge/planks.js in 0.0 s
[03:24:02] [INFO] Loaded script server_scripts:base/tags/items/forge/raw_materials.js in 0.0 s
[03:24:02] [INFO] Loaded script server_scripts:base/tags/items/forge/rods.js in 0.0 s
[03:24:02] [INFO] Loaded script server_scripts:base/tags/items/forge/salad_ingredients.js in 0.0 s
[03:24:02] [INFO] Loaded script server_scripts:base/tags/items/forge/sandstone.js in 0.0 s
[03:24:02] [INFO] Loaded script server_scripts:base/tags/items/forge/stone.js in 0.0 s
[03:24:02] [INFO] Loaded script server_scripts:base/tags/items/forge/stones.js in 0.0 s
[03:24:02] [INFO] Loaded script server_scripts:base/tags/items/forge/storage_blocks.js in 0.0 s
[03:24:02] [INFO] Loaded script server_scripts:base/tags/items/forge/stripped_logs.js in 0.0 s
[03:24:02] [INFO] Loaded script server_scripts:base/tags/items/forge/stripped_wood.js in 0.0 s
[03:24:02] [INFO] Loaded script server_scripts:base/tags/items/forge/terracotta.js in 0.0 s
[03:24:02] [INFO] Loaded script server_scripts:base/tags/items/forge/tools/axes.js in 0.001 s
[03:24:02] [INFO] Loaded script server_scripts:base/tags/items/forge/tools/bows.js in 0.0 s
[03:24:02] [INFO] Loaded script server_scripts:base/tags/items/forge/tools/crafting_hammers.js in 0.0 s
[03:24:02] [INFO] Loaded script server_scripts:base/tags/items/forge/tools/fishing_rods.js in 0.0 s
[03:24:02] [INFO] Loaded script server_scripts:base/tags/items/forge/tools/hammers.js in 0.0 s
[03:24:02] [INFO] Loaded script server_scripts:base/tags/items/forge/tools/hoes.js in 0.001 s
[03:24:02] [INFO] Loaded script server_scripts:base/tags/items/forge/tools/knives.js in 0.0 s
[03:24:02] [INFO] Loaded script server_scripts:base/tags/items/forge/tools/multi-tools.js in 0.0 s
[03:24:02] [INFO] Loaded script server_scripts:base/tags/items/forge/tools/pickaxes.js in 0.0 s
[03:24:02] [INFO] Loaded script server_scripts:base/tags/items/forge/tools/shields.js in 0.0 s
[03:24:02] [INFO] Loaded script server_scripts:base/tags/items/forge/tools/shovels.js in 0.0 s
[03:24:02] [INFO] Loaded script server_scripts:base/tags/items/forge/tools/swords.js in 0.0 s
[03:24:02] [INFO] Loaded script server_scripts:base/tags/items/forge/tools/tridents.js in 0.0 s
[03:24:02] [INFO] Loaded script server_scripts:base/tags/items/forge/wool.js in 0.0 s
[03:24:02] [INFO] Loaded script server_scripts:base/tags/items/forge/workbenches.js in 0.0 s
[03:24:02] [INFO] Loaded script server_scripts:base/tags/items/hexerei/stripped_logs.js in 0.0 s
[03:24:02] [INFO] Loaded script server_scripts:base/tags/items/hexerei/tallow_meltable.js in 0.0 s
[03:24:02] [INFO] Loaded script server_scripts:base/tags/items/immersiveengineering/coal_coke.js in 0.0 s
[03:24:02] [INFO] Loaded script server_scripts:base/tags/items/industrialforegoing/laser_lens.js in 0.0 s
[03:24:02] [INFO] Loaded script server_scripts:base/tags/items/industrialforegoing/sludge.js in 0.0 s
[03:24:02] [INFO] Loaded script server_scripts:base/tags/items/lychee/exploding_catalysts.js in 0.0 s
[03:24:02] [INFO] Loaded script server_scripts:base/tags/items/minecraft/candles.js in 0.0 s
[03:24:02] [INFO] Loaded script server_scripts:base/tags/items/minecraft/coals.js in 0.0 s
[03:24:02] [INFO] Loaded script server_scripts:base/tags/items/minecraft/leaves.js in 0.0 s
[03:24:02] [INFO] Loaded script server_scripts:base/tags/items/minecraft/piglin_loved.js in 0.0 s
[03:24:02] [INFO] Loaded script server_scripts:base/tags/items/minecraft/wooden_slabs.js in 0.0 s
[03:24:02] [INFO] Loaded script server_scripts:base/tags/items/minecraft/wooden_stairs.js in 0.0 s
[03:24:02] [INFO] Loaded script server_scripts:base/tags/items/naturesaura/metals.js in 0.0 s
[03:24:02] [INFO] Loaded script server_scripts:base/tags/items/quark/revertable_chests.js in 0.0 s
[03:24:02] [INFO] Loaded script server_scripts:base/tags/items/rftools/dimensional.js in 0.0 s
[03:24:02] [INFO] Loaded script server_scripts:base/tags/items/sereneseasons/seasonal_crops.js in 0.0 s
[03:24:02] [INFO] Loaded script server_scripts:base/tags/items/sophisticatedstorage/storage_tiers.js in 0.0 s
[03:24:02] [INFO] Loaded script server_scripts:base/tags/items/supplementaries/throwable_bricks.js in 0.0 s
[03:24:02] [INFO] Loaded script server_scripts:base/tags/items/thermal/bitumen.js in 0.001 s
[03:24:02] [INFO] Loaded script server_scripts:base/tags/items/thermal/casts.js in 0.0 s
[03:24:02] [INFO] Loaded script server_scripts:base/tags/items/thermal/coal_coke.js in 0.0 s
[03:24:02] [INFO] Loaded script server_scripts:base/tags/items/thermal/sawdust_block.js in 0.001 s
[03:24:02] [INFO] Loaded script server_scripts:base/tags/items/the_bumblezone/bee_queen.js in 0.0 s
[03:24:02] [INFO] Loaded script server_scripts:base/tags/items/twilightforest/banned_uncrafting_ingredients.js in 0.0 s
[03:24:02] [INFO] Loaded script server_scripts:base/tags/items/twilightforest/trophies.js in 0.0 s
[03:24:02] [INFO] Loaded script server_scripts:base/tags/mob_effect/ars_nouveau/unstable_gifts.js in 0.0 s
[03:24:02] [INFO] Loaded script server_scripts:base/tags/mob_effect/mekanism/speed_up_blacklist.js in 0.0 s
[03:24:02] [INFO] Loaded script server_scripts:base/tags/structure/minecraft/ancient_city.js in 0.0 s
[03:24:02] [INFO] Loaded script server_scripts:base/unification/unify_loot.js in 0.0 s
[03:24:02] [INFO] Loaded script server_scripts:base/unification/unify_materials.js in 0.0 s
[03:24:02] [INFO] Loaded script server_scripts:base/unification/unify_outputs.js in 0.0 s
[03:24:02] [INFO] Loaded script server_scripts:base/unification/unify_stoneworks.js in 0.0 s
[03:24:02] [INFO] Loaded script server_scripts:base/villager_trades/immersiveengineering/engineer.js in 0.0 s
[03:24:02] [INFO] Loaded script server_scripts:base/villager_trades/immersiveengineering/machinist.js in 0.0 s
[03:24:02] [INFO] Loaded script server_scripts:base/villager_trades/minecraft/butcher.js in 0.0 s
[03:24:02] [INFO] Loaded script server_scripts:base/villager_trades/remove.js in 0.0 s
[03:24:02] [INFO] Loaded script server_scripts:constants/armored_mobs.js in 0.0 s
[03:24:02] [INFO] Loaded script server_scripts:constants/disabled_items.js in 0.0 s
[03:24:02] [INFO] Loaded script server_scripts:constants/materials.js in 0.0 s
[03:24:02] [INFO] Loaded script server_scripts:expert/advancements/create.js in 0.0 s
[03:24:02] [INFO] Loaded script server_scripts:expert/advancements/occultism.js in 0.0 s
[03:24:02] [INFO] Loaded script server_scripts:expert/advancements/the_bumblezone.js in 0.0 s
[03:24:02] [INFO] Loaded script server_scripts:expert/block_events/disable_blueskies_portals.js in 0.0 s
[03:24:02] [INFO] Loaded script server_scripts:expert/entity_events/spawned/no_despawn.js in 0.0 s
[03:24:02] [INFO] Loaded script server_scripts:expert/entity_events/spawned/spirit_spawner.js in 0.0 s
[03:24:02] [INFO] Loaded script server_scripts:expert/gamerules/default.js in 0.0 s
[03:24:02] [INFO] Loaded script server_scripts:expert/loot_tables/blocks/ae2/mysterious_cube.js in 0.0 s
[03:24:02] [INFO] Loaded script server_scripts:expert/loot_tables/blocks/minecraft/spawner.js in 0.0 s
[03:24:02] [INFO] Loaded script server_scripts:expert/loot_tables/chests/blue_skies/loot_bags_alchemist.js in 0.0 s
[03:24:02] [INFO] Loaded script server_scripts:expert/loot_tables/chests/blue_skies/loot_bags_arachnarch.js in 0.0 s
[03:24:02] [INFO] Loaded script server_scripts:expert/loot_tables/chests/blue_skies/loot_bags_starlit_crusher.js in 0.0 s
[03:24:02] [INFO] Loaded script server_scripts:expert/loot_tables/chests/blue_skies/loot_bags_summoner.js in 0.0 s
[03:24:02] [INFO] Loaded script server_scripts:expert/loot_tables/chests/blue_skies/village.js in 0.0 s
[03:24:02] [INFO] Loaded script server_scripts:expert/loot_tables/chests/enigmatica/ae2_loot_boxes.js in 0.0 s
[03:24:02] [INFO] Loaded script server_scripts:expert/loot_tables/chests/enigmatica/ars_nouveau_glyph_cache.js in 0.0 s
[03:24:02] [INFO] Loaded script server_scripts:expert/loot_tables/chests/enigmatica/ars_nouveau_loot_boxes.js in 0.0 s
[03:24:02] [INFO] Loaded script server_scripts:expert/loot_tables/chests/enigmatica/aura_leaves.js in 0.0 s
[03:24:02] [INFO] Loaded script server_scripts:expert/loot_tables/chests/enigmatica/create_loot_boxes.js in 0.0 s
[03:24:02] [INFO] Loaded script server_scripts:expert/loot_tables/chests/enigmatica/delight_loot_boxes.js in 0.001 s
[03:24:02] [INFO] Loaded script server_scripts:expert/loot_tables/chests/enigmatica/hexerei_loot_boxes.js in 0.0 s
[03:24:02] [INFO] Loaded script server_scripts:expert/loot_tables/chests/enigmatica/immersive_engineering_loot_boxes.js in 0.0 s
[03:24:02] [INFO] Loaded script server_scripts:expert/loot_tables/chests/enigmatica/industrial_foregoing_loot_boxes.js in 0.0 s
[03:24:02] [INFO] Loaded script server_scripts:expert/loot_tables/chests/enigmatica/mekanism_loot_boxes.js in 0.0 s
[03:24:02] [INFO] Loaded script server_scripts:expert/loot_tables/chests/enigmatica/natures_aura_loot_boxes.js in 0.001 s
[03:24:02] [INFO] Loaded script server_scripts:expert/loot_tables/chests/enigmatica/occultism_loot_boxes.js in 0.0 s
[03:24:02] [INFO] Loaded script server_scripts:expert/loot_tables/chests/enigmatica/pneumaticcraft_loot_boxes.js in 0.0 s
[03:24:02] [INFO] Loaded script server_scripts:expert/loot_tables/chests/enigmatica/powah_loot_boxes.js in 0.0 s
[03:24:02] [INFO] Loaded script server_scripts:expert/loot_tables/chests/enigmatica/remove.js in 0.0 s
[03:24:02] [INFO] Loaded script server_scripts:expert/loot_tables/chests/enigmatica/replace.js in 0.0 s
[03:24:02] [INFO] Loaded script server_scripts:expert/loot_tables/chests/enigmatica/thermal_series_loot_boxes.js in 0.001 s
[03:24:02] [INFO] Loaded script server_scripts:expert/loot_tables/chests/immersiveengineering/engineers_house.js in 0.0 s
[03:24:02] [INFO] Loaded script server_scripts:expert/loot_tables/chests/pneumaticcraft/mechanic_house.js in 0.0 s
[03:24:02] [INFO] Loaded script server_scripts:expert/loot_tables/entities/minecraft/drowned.js in 0.0 s
[03:24:02] [INFO] Loaded script server_scripts:expert/loot_tables/entities/minecraft/husk.js in 0.001 s
[03:24:02] [INFO] Loaded script server_scripts:expert/loot_tables/entities/minecraft/iron_golem.js in 0.0 s
[03:24:02] [INFO] Loaded script server_scripts:expert/loot_tables/entities/minecraft/warden.js in 0.001 s
[03:24:02] [INFO] Loaded script server_scripts:expert/loot_tables/entities/minecraft/wither.js in 0.0 s
[03:24:02] [INFO] Loaded script server_scripts:expert/loot_tables/entities/minecraft/zombie.js in 0.0 s
[03:24:02] [INFO] Loaded script server_scripts:expert/loot_tables/entities/minecraft/zombie_villager.js in 0.0 s
[03:24:02] [INFO] Loaded script server_scripts:expert/loot_tables/entities/minecraft/zombified_piglin.js in 0.001 s
[03:24:02] [INFO] Loaded script server_scripts:expert/loot_tables/entities/twilightforest/alpha_yeti.js in 0.0 s
[03:24:02] [INFO] Loaded script server_scripts:expert/loot_tables/entities/twilightforest/carminite_golem.js in 0.0 s
[03:24:02] [INFO] Loaded script server_scripts:expert/loot_tables/entities/twilightforest/darktower_boss.js in 0.0 s
[03:24:02] [INFO] Loaded script server_scripts:expert/loot_tables/entities/twilightforest/death_tome.js in 0.0 s
[03:24:02] [INFO] Loaded script server_scripts:expert/loot_tables/entities/twilightforest/hydra.js in 0.0 s
[03:24:02] [INFO] Loaded script server_scripts:expert/loot_tables/entities/twilightforest/kobold.js in 0.0 s
[03:24:02] [INFO] Loaded script server_scripts:expert/loot_tables/entities/twilightforest/lich.js in 0.0 s
[03:24:02] [INFO] Loaded script server_scripts:expert/loot_tables/entities/twilightforest/naga.js in 0.0 s
[03:24:02] [INFO] Loaded script server_scripts:expert/loot_tables/entities/twilightforest/questing_ram_rewards.js in 0.0 s
[03:24:02] [INFO] Loaded script server_scripts:expert/loot_tables/entities/twilightforest/snow_queen.js in 0.0 s
[03:24:02] [INFO] Loaded script server_scripts:expert/loot_tables/entities/twilightforest/troll.js in 0.0 s
[03:24:02] [INFO] Loaded script server_scripts:expert/loot_tables/structures/twilightforest/troll_vault.js in 0.0 s
[03:24:02] [INFO] Loaded script server_scripts:expert/player_events/armor_sets.js in 0.001 s
[03:24:02] [INFO] Loaded script server_scripts:expert/recipes/ae2/shaped.js in 0.001 s
[03:24:02] [INFO] Loaded script server_scripts:expert/recipes/ae2/shapeless.js in 0.0 s
[03:24:02] [INFO] Loaded script server_scripts:expert/recipes/ae2/transform.js in 0.0 s
[03:24:02] [INFO] Loaded script server_scripts:expert/recipes/apotheosis/bosses/overworld.js in 0.001 s
[03:24:02] [INFO] Loaded script server_scripts:expert/recipes/apotheosis/bosses/the_bumblezone.js in 0.0 s
[03:24:02] [INFO] Loaded script server_scripts:expert/recipes/apotheosis/bosses/the_end.js in 0.0 s
[03:24:02] [INFO] Loaded script server_scripts:expert/recipes/apotheosis/bosses/the_nether.js in 0.0 s
[03:24:02] [INFO] Loaded script server_scripts:expert/recipes/apotheosis/bosses/twilight_forest.js in 0.0 s
[03:24:02] [INFO] Loaded script server_scripts:expert/recipes/apotheosis/enchanting.js in 0.0 s
[03:24:02] [INFO] Loaded script server_scripts:expert/recipes/apotheosis/potion_charm.js in 0.0 s
[03:24:02] [INFO] Loaded script server_scripts:expert/recipes/apotheosis/shaped.js in 0.0 s
[03:24:02] [INFO] Loaded script server_scripts:expert/recipes/ars_elemental/armor_upgrade.js in 0.0 s
[03:24:02] [INFO] Loaded script server_scripts:expert/recipes/ars_elemental/shaped.js in 0.0 s
[03:24:02] [INFO] Loaded script server_scripts:expert/recipes/ars_elemental/shapeless.js in 0.0 s
[03:24:02] [INFO] Loaded script server_scripts:expert/recipes/ars_nouveau/armor_upgrade.js in 0.0 s
[03:24:02] [INFO] Loaded script server_scripts:expert/recipes/ars_nouveau/book_upgrade.js in 0.0 s
[03:24:02] [INFO] Loaded script server_scripts:expert/recipes/ars_nouveau/crush.js in 0.0 s
[03:24:02] [INFO] Loaded script server_scripts:expert/recipes/ars_nouveau/enchanting_apparatus.js in 0.001 s
[03:24:02] [INFO] Loaded script server_scripts:expert/recipes/ars_nouveau/enchantment.js in 0.0 s
[03:24:02] [INFO] Loaded script server_scripts:expert/recipes/ars_nouveau/glyph.js in 0.0 s
[03:24:02] [INFO] Loaded script server_scripts:expert/recipes/ars_nouveau/imbuement.js in 0.0 s
[03:24:02] [INFO] Loaded script server_scripts:expert/recipes/ars_nouveau/patchouli_safe_remove.js in 0.0 s
[03:24:02] [INFO] Loaded script server_scripts:expert/recipes/ars_nouveau/shaped.js in 0.0 s
[03:24:02] [INFO] Loaded script server_scripts:expert/recipes/ars_nouveau/shapeless.js in 0.0 s
[03:24:02] [INFO] Loaded script server_scripts:expert/recipes/byg/shaped.js in 0.0 s
[03:24:02] [INFO] Loaded script server_scripts:expert/recipes/comforts/shaped.js in 0.0 s
[03:24:02] [INFO] Loaded script server_scripts:expert/recipes/comforts/shapeless.js in 0.0 s
[03:24:02] [INFO] Loaded script server_scripts:expert/recipes/compactmachines/shaped.js in 0.0 s
[03:24:02] [INFO] Loaded script server_scripts:expert/recipes/compressedcreativity/shaped.js in 0.0 s
[03:24:02] [INFO] Loaded script server_scripts:expert/recipes/constructionwand/shaped.js in 0.0 s
[03:24:02] [INFO] Loaded script server_scripts:expert/recipes/create/compacting.js in 0.0 s
[03:24:02] [INFO] Loaded script server_scripts:expert/recipes/create/crushing.js in 0.0 s
[03:24:02] [INFO] Loaded script server_scripts:expert/recipes/create/emptying.js in 0.0 s
[03:24:02] [INFO] Loaded script server_scripts:expert/recipes/create/filling.js in 0.001 s
[03:24:02] [INFO] Loaded script server_scripts:expert/recipes/create/item_application.js in 0.0 s
[03:24:02] [INFO] Loaded script server_scripts:expert/recipes/create/mechanical_crafting.js in 0.0 s
[03:24:02] [INFO] Loaded script server_scripts:expert/recipes/create/mixing.js in 0.0 s
[03:24:02] [INFO] Loaded script server_scripts:expert/recipes/create/sandpaper_polishing.js in 0.0 s
[03:24:02] [INFO] Loaded script server_scripts:expert/recipes/create/sequenced_assembly.js in 0.0 s
[03:24:02] [INFO] Loaded script server_scripts:expert/recipes/create/shaped.js in 0.001 s
[03:24:02] [INFO] Loaded script server_scripts:expert/recipes/create/shapeless.js in 0.0 s
[03:24:02] [INFO] Loaded script server_scripts:expert/recipes/createaddition/charging.js in 0.0 s
[03:24:02] [INFO] Loaded script server_scripts:expert/recipes/createaddition/liquid_burning.js in 0.0 s
[03:24:02] [INFO] Loaded script server_scripts:expert/recipes/createaddition/rolling.js in 0.0 s
[03:24:02] [INFO] Loaded script server_scripts:expert/recipes/createaddition/shaped.js in 0.0 s
[03:24:02] [INFO] Loaded script server_scripts:expert/recipes/energymeter/shaped.js in 0.0 s
[03:24:02] [INFO] Loaded script server_scripts:expert/recipes/engineersdecor/shaped.js in 0.0 s
[03:24:02] [INFO] Loaded script server_scripts:expert/recipes/enigmatica/blasting.js in 0.001 s
[03:24:02] [INFO] Loaded script server_scripts:expert/recipes/enigmatica/crushing_tiers.js in 0.001 s
[03:24:02] [INFO] Loaded script server_scripts:expert/recipes/enigmatica/dust_crushing_tiers.js in 0.0 s
[03:24:02] [INFO] Loaded script server_scripts:expert/recipes/enigmatica/remove.js in 0.001 s
[03:24:02] [INFO] Loaded script server_scripts:expert/recipes/enigmatica/replace_input.js in 0.0 s
[03:24:02] [INFO] Loaded script server_scripts:expert/recipes/enigmaticunity/shaped.js in 0.0 s
[03:24:02] [INFO] Loaded script server_scripts:expert/recipes/entangled/shaped.js in 0.001 s
[03:24:02] [INFO] Loaded script server_scripts:expert/recipes/farmersdelight/cutting.js in 0.0 s
[03:24:02] [INFO] Loaded script server_scripts:expert/recipes/farmersdelight/shaped.js in 0.0 s
[03:24:02] [INFO] Loaded script server_scripts:expert/recipes/framedblocks/shaped.js in 0.0 s
[03:24:02] [INFO] Loaded script server_scripts:expert/recipes/functionalstorage/shaped.js in 0.0 s
[03:24:02] [INFO] Loaded script server_scripts:expert/recipes/hexerei/drying_rack.js in 0.0 s
[03:24:02] [INFO] Loaded script server_scripts:expert/recipes/hexerei/mixingcauldron.js in 0.0 s
[03:24:02] [INFO] Loaded script server_scripts:expert/recipes/hexerei/pestle_and_mortar.js in 0.0 s
[03:24:02] [INFO] Loaded script server_scripts:expert/recipes/hexerei/shaped.js in 0.0 s
[03:24:02] [INFO] Loaded script server_scripts:expert/recipes/hexerei/shapeless.js in 0.0 s
[03:24:02] [INFO] Loaded script server_scripts:expert/recipes/immersiveengineering/blastfurnace.js in 0.0 s
[03:24:02] [INFO] Loaded script server_scripts:expert/recipes/immersiveengineering/blastfurnace_fuel.js in 0.0 s
[03:24:02] [INFO] Loaded script server_scripts:expert/recipes/immersiveengineering/bottling_machine.js in 0.001 s
[03:24:02] [INFO] Loaded script server_scripts:expert/recipes/immersiveengineering/fermenter.js in 0.0 s
[03:24:02] [INFO] Loaded script server_scripts:expert/recipes/immersiveengineering/generator_fuel.js in 0.0 s
[03:24:02] [INFO] Loaded script server_scripts:expert/recipes/immersiveengineering/mixer.js in 0.0 s
[03:24:02] [INFO] Loaded script server_scripts:expert/recipes/immersiveengineering/refinery.js in 0.001 s
[03:24:02] [INFO] Loaded script server_scripts:expert/recipes/immersiveengineering/revolver_assembly.js in 0.0 s
[03:24:02] [INFO] Loaded script server_scripts:expert/recipes/immersiveengineering/sawmill.js in 0.0 s
[03:24:02] [INFO] Loaded script server_scripts:expert/recipes/immersiveengineering/shaped.js in 0.001 s
[03:24:02] [INFO] Loaded script server_scripts:expert/recipes/immersiveengineering/shapeless.js in 0.001 s
[03:24:02] [INFO] Loaded script server_scripts:expert/recipes/immersiveengineering/squeezer.js in 0.0 s
[03:24:02] [INFO] Loaded script server_scripts:expert/recipes/industrialforegoing/dissolution_chamber.js in 0.0 s
[03:24:02] [INFO] Loaded script server_scripts:expert/recipes/industrialforegoing/laser_drill_fluid.js in 0.0 s
[03:24:02] [INFO] Loaded script server_scripts:expert/recipes/industrialforegoing/laser_drill_ore.js in 0.0 s
[03:24:02] [INFO] Loaded script server_scripts:expert/recipes/industrialforegoing/shaped.js in 0.0 s
[03:24:02] [INFO] Loaded script server_scripts:expert/recipes/industrialforegoing/shapeless.js in 0.0 s
[03:24:02] [INFO] Loaded script server_scripts:expert/recipes/industrialforegoing/stonework_generate.js in 0.0 s
[03:24:02] [INFO] Loaded script server_scripts:expert/recipes/kubejs/shaped.js in 0.0 s
[03:24:02] [INFO] Loaded script server_scripts:expert/recipes/littlelogistics/shaped.js in 0.0 s
[03:24:02] [INFO] Loaded script server_scripts:expert/recipes/lychee/block_interacting.js in 0.001 s
[03:24:02] [INFO] Loaded script server_scripts:expert/recipes/lychee/item_exploding.js in 0.0 s
[03:24:02] [INFO] Loaded script server_scripts:expert/recipes/lychee/item_inside.js in 0.0 s
[03:24:02] [INFO] Loaded script server_scripts:expert/recipes/lychee/jei_dummy_recipes.js in 0.0 s
[03:24:02] [INFO] Loaded script server_scripts:expert/recipes/lychee/lightning_channeling.js in 0.0 s
[03:24:02] [INFO] Loaded script server_scripts:expert/recipes/lychee/random_block_ticking.js in 0.0 s
[03:24:02] [INFO] Loaded script server_scripts:expert/recipes/manyideas/shaped.js in 0.0 s
[03:24:02] [INFO] Loaded script server_scripts:expert/recipes/manyideas/table_sawing_diamond.js in 0.0 s
[03:24:02] [INFO] Loaded script server_scripts:expert/recipes/mekanism/chemical_infusing.js in 0.0 s
[03:24:02] [INFO] Loaded script server_scripts:expert/recipes/mekanism/dissolution.js in 0.0 s
[03:24:02] [INFO] Loaded script server_scripts:expert/recipes/mekanism/energy_conversion.js in 0.0 s
[03:24:02] [INFO] Loaded script server_scripts:expert/recipes/mekanism/enriching.js in 0.0 s
[03:24:02] [INFO] Loaded script server_scripts:expert/recipes/mekanism/infusion_conversion.js in 0.0 s
[03:24:02] [INFO] Loaded script server_scripts:expert/recipes/mekanism/metallurgic_infusing.js in 0.001 s
[03:24:02] [INFO] Loaded script server_scripts:expert/recipes/mekanism/nucleosynthesizing.js in 0.001 s
[03:24:02] [INFO] Loaded script server_scripts:expert/recipes/mekanism/oxidizing.js in 0.0 s
[03:24:02] [INFO] Loaded script server_scripts:expert/recipes/mekanism/purifying.js in 0.0 s
[03:24:02] [INFO] Loaded script server_scripts:expert/recipes/mekanism/reaction.js in 0.0 s
[03:24:02] [INFO] Loaded script server_scripts:expert/recipes/mekanism/rotary.js in 0.0 s
[03:24:02] [INFO] Loaded script server_scripts:expert/recipes/mekanism/shaped.js in 0.0 s
[03:24:02] [INFO] Loaded script server_scripts:expert/recipes/merequester/shaped.js in 0.0 s
[03:24:02] [INFO] Loaded script server_scripts:expert/recipes/merequester/shapeless.js in 0.0 s
[03:24:02] [INFO] Loaded script server_scripts:expert/recipes/minecraft/blasting.js in 0.0 s
[03:24:02] [INFO] Loaded script server_scripts:expert/recipes/minecraft/campfire_cooking.js in 0.0 s
[03:24:02] [INFO] Loaded script server_scripts:expert/recipes/minecraft/shaped.js in 0.0 s
[03:24:02] [INFO] Loaded script server_scripts:expert/recipes/minecraft/shapeless.js in 0.0 s
[03:24:02] [INFO] Loaded script server_scripts:expert/recipes/minecraft/smelting.js in 0.0 s
[03:24:02] [INFO] Loaded script server_scripts:expert/recipes/minecraft/stonecutting.js in 0.0 s
[03:24:02] [INFO] Loaded script server_scripts:expert/recipes/mininggadgets/shaped.js in 0.0 s
[03:24:02] [INFO] Loaded script server_scripts:expert/recipes/modularrouters/shaped.js in 0.001 s
[03:24:02] [INFO] Loaded script server_scripts:expert/recipes/modularrouters/shapeless.js in 0.0 s
[03:24:02] [INFO] Loaded script server_scripts:expert/recipes/naturesaura/altar.js in 0.0 s
[03:24:02] [INFO] Loaded script server_scripts:expert/recipes/naturesaura/animal_spawner.js in 0.0 s
[03:24:02] [INFO] Loaded script server_scripts:expert/recipes/naturesaura/offering.js in 0.0 s
[03:24:02] [INFO] Loaded script server_scripts:expert/recipes/naturesaura/patchouli_safe_remove.js in 0.0 s
[03:24:02] [INFO] Loaded script server_scripts:expert/recipes/naturesaura/shaped.js in 0.0 s
[03:24:02] [INFO] Loaded script server_scripts:expert/recipes/naturesaura/shapeless.js in 0.0 s
[03:24:02] [INFO] Loaded script server_scripts:expert/recipes/naturesaura/tree_ritual.js in 0.0 s
[03:24:02] [INFO] Loaded script server_scripts:expert/recipes/nomadictents/shaped.js in 0.0 s
[03:24:02] [INFO] Loaded script server_scripts:expert/recipes/occultism/crushing.js in 0.0 s
[03:24:02] [INFO] Loaded script server_scripts:expert/recipes/occultism/pentacles.js in 0.001 s
[03:24:02] [INFO] Loaded script server_scripts:expert/recipes/occultism/ritual.js in 0.001 s
[03:24:02] [INFO] Loaded script server_scripts:expert/recipes/occultism/shaped.js in 0.0 s
[03:24:02] [INFO] Loaded script server_scripts:expert/recipes/occultism/spirit_fire.js in 0.0 s
[03:24:02] [INFO] Loaded script server_scripts:expert/recipes/online_detector/shaped.js in 0.0 s
[03:24:02] [INFO] Loaded script server_scripts:expert/recipes/pneumaticcraft/amadron.js in 0.0 s
[03:24:02] [INFO] Loaded script server_scripts:expert/recipes/pneumaticcraft/assembly.js in 0.0 s
[03:24:02] [INFO] Loaded script server_scripts:expert/recipes/pneumaticcraft/fuel_quality.js in 0.0 s
[03:24:02] [INFO] Loaded script server_scripts:expert/recipes/pneumaticcraft/heat_frame_cooling.js in 0.0 s
[03:24:02] [INFO] Loaded script server_scripts:expert/recipes/pneumaticcraft/heat_properties.js in 0.0 s
[03:24:02] [INFO] Loaded script server_scripts:expert/recipes/pneumaticcraft/pressure_chamber.js in 0.001 s
[03:24:02] [INFO] Loaded script server_scripts:expert/recipes/pneumaticcraft/shaped.js in 0.0 s
[03:24:02] [INFO] Loaded script server_scripts:expert/recipes/pneumaticcraft/shapeless.js in 0.001 s
[03:24:02] [INFO] Loaded script server_scripts:expert/recipes/pneumaticcraft/thermo_plant.js in 0.0 s
[03:24:02] [INFO] Loaded script server_scripts:expert/recipes/powah/energizing.js in 0.0 s
[03:24:02] [INFO] Loaded script server_scripts:expert/recipes/powah/shaped.js in 0.0 s
[03:24:02] [INFO] Loaded script server_scripts:expert/recipes/powah/shapeless.js in 0.0 s
[03:24:02] [INFO] Loaded script server_scripts:expert/recipes/quark/shaped.js in 0.001 s
[03:24:02] [INFO] Loaded script server_scripts:expert/recipes/railways/shaped.js in 0.0 s
[03:24:02] [INFO] Loaded script server_scripts:expert/recipes/redstonepen/shaped.js in 0.001 s
[03:24:02] [INFO] Loaded script server_scripts:expert/recipes/redstonepen/shapeless.js in 0.0 s
[03:24:02] [INFO] Loaded script server_scripts:expert/recipes/rftools/shaped.js in 0.0 s
[03:24:02] [INFO] Loaded script server_scripts:expert/recipes/simplemagnets/shaped.js in 0.0 s
[03:24:02] [INFO] Loaded script server_scripts:expert/recipes/smallships/shaped.js in 0.0 s
[03:24:02] [INFO] Loaded script server_scripts:expert/recipes/sophisticatedbackpacks/backpack_upgrade.js in 0.0 s
[03:24:02] [INFO] Loaded script server_scripts:expert/recipes/sophisticatedbackpacks/shaped.js in 0.001 s
[03:24:02] [INFO] Loaded script server_scripts:expert/recipes/sophisticatedstorage/shaped.js in 0.0 s
[03:24:02] [INFO] Loaded script server_scripts:expert/recipes/spirit/soul_cage_tier.js in 0.0 s
[03:24:02] [INFO] Loaded script server_scripts:expert/recipes/spirit/soul_engulfing.js in 0.001 s
[03:24:02] [INFO] Loaded script server_scripts:expert/recipes/starbunclemania/shaped.js in 0.0 s
[03:24:02] [INFO] Loaded script server_scripts:expert/recipes/starbunclemania/shapeless.js in 0.001 s
[03:24:02] [INFO] Loaded script server_scripts:expert/recipes/superiorshields/shaped.js in 0.0 s
[03:24:02] [INFO] Loaded script server_scripts:expert/recipes/supplementaries/shaped.js in 0.0 s
[03:24:02] [INFO] Loaded script server_scripts:expert/recipes/supplementaries/shapeless.js in 0.0 s
[03:24:02] [INFO] Loaded script server_scripts:expert/recipes/sushigocrafting/shaped.js in 0.0 s
[03:24:02] [INFO] Loaded script server_scripts:expert/recipes/thermal/bottler.js in 0.0 s
[03:24:02] [INFO] Loaded script server_scripts:expert/recipes/thermal/centrifuge.js in 0.0 s
[03:24:02] [INFO] Loaded script server_scripts:expert/recipes/thermal/chiller.js in 0.0 s
[03:24:02] [INFO] Loaded script server_scripts:expert/recipes/thermal/crystallizer.js in 0.0 s
[03:24:02] [INFO] Loaded script server_scripts:expert/recipes/thermal/fuel/compression.js in 0.0 s
[03:24:02] [INFO] Loaded script server_scripts:expert/recipes/thermal/pulverizer.js in 0.0 s
[03:24:02] [INFO] Loaded script server_scripts:expert/recipes/thermal/refinery.js in 0.0 s
[03:24:02] [INFO] Loaded script server_scripts:expert/recipes/thermal/sawmill.js in 0.0 s
[03:24:02] [INFO] Loaded script server_scripts:expert/recipes/thermal/shaped.js in 0.0 s
[03:24:02] [INFO] Loaded script server_scripts:expert/recipes/thermal/shapeless.js in 0.0 s
[03:24:02] [INFO] Loaded script server_scripts:expert/recipes/thermal/smelter.js in 0.0 s
[03:24:02] [INFO] Loaded script server_scripts:expert/recipes/theurgy/shaped.js in 0.0 s
[03:24:02] [INFO] Loaded script server_scripts:expert/recipes/the_bumblezone/armor_upgrade.js in 0.001 s
[03:24:02] [INFO] Loaded script server_scripts:expert/recipes/the_bumblezone/bz_bee_queen_trades.js in 0.0 s
[03:24:02] [INFO] Loaded script server_scripts:expert/recipes/toolbelt/shaped.js in 0.0 s
[03:24:02] [INFO] Loaded script server_scripts:expert/recipes/travelanchors/shaped.js in 0.0 s
[03:24:02] [INFO] Loaded script server_scripts:expert/recipes/trofers/trofers.js in 0.0 s
[03:24:02] [INFO] Loaded script server_scripts:expert/recipes/twilightforest/hollow_hills.js in 0.0 s
[03:24:02] [INFO] Loaded script server_scripts:expert/recipes/twilightforest/shaped.js in 0.0 s
[03:24:02] [INFO] Loaded script server_scripts:expert/recipes/twilightforest/shapeless.js in 0.0 s
[03:24:02] [INFO] Loaded script server_scripts:expert/recipes/twilightforest/stalactites.js in 0.0 s
[03:24:02] [INFO] Loaded script server_scripts:expert/recipes/xnet/shaped.js in 0.0 s
[03:24:02] [INFO] Loaded script server_scripts:expert/recipes/xnet/shapeless.js in 0.0 s
[03:24:02] [INFO] Loaded script server_scripts:expert/structures/integrated_stronghold/portal_room.js in 0.0 s
[03:24:02] [INFO] Loaded script server_scripts:expert/structures/pneumaticcraft/mechanic_house.js in 0.0 s
[03:24:02] [INFO] Loaded script server_scripts:expert/tags/biome/ae2/has_meteorites.js in 0.001 s
[03:24:02] [INFO] Loaded script server_scripts:expert/tags/blocks/create/windmill_sails.js in 0.0 s
[03:24:02] [INFO] Loaded script server_scripts:expert/tags/blocks/minecraft/wither_summon_base_blocks.js in 0.001 s
[03:24:02] [INFO] Loaded script server_scripts:expert/tags/blocks/the_bumblezone/dimension_teleportation.js in 0.0 s
[03:24:02] [INFO] Loaded script server_scripts:expert/tags/enchantment/blacklisted_crystalline_flower_enchantments.js in 0.0 s
[03:24:02] [INFO] Loaded script server_scripts:expert/tags/enchantment/crystalline_flower.js in 0.0 s
[03:24:02] [INFO] Loaded script server_scripts:expert/tags/items/lychee/fire_immune.js in 0.0 s
[03:24:02] [INFO] Loaded script server_scripts:expert/tags/items/pneumaticcraft/upgrade_components.js in 0.0 s
[03:24:02] [INFO] Loaded script server_scripts:expert/tags/items/twilightforest/portal_activator.js in 0.0 s
[03:24:02] [INFO] Loaded script server_scripts:expert/villager_trades/ars_nouveau/shady_wizard.js in 0.0 s
[03:24:02] [INFO] Loaded script server_scripts:expert/villager_trades/immersiveengineering/electrician.js in 0.0 s
[03:24:02] [INFO] Loaded script server_scripts:expert/villager_trades/immersiveengineering/machinist.js in 0.0 s
[03:24:02] [INFO] Loaded script server_scripts:expert/villager_trades/pneumaticcraft/mechanic.js in 0.001 s
[03:24:02] [INFO] Loaded script server_scripts:expert/villager_trades/remove.js in 0.0 s
[03:24:02] [INFO] Loaded script server_scripts:force_reload.js in 0.0 s
[03:24:02] [INFO] Loaded script server_scripts:normal/loot_tables/blocks/minecraft/spawner.js in 0.0 s
[03:24:02] [INFO] Loaded script server_scripts:normal/loot_tables/chests/enigmatica/ae2_loot_boxes.js in 0.001 s
[03:24:02] [INFO] Loaded script server_scripts:normal/loot_tables/chests/enigmatica/ars_nouveau_glyph_cache.js in 0.0 s
[03:24:02] [INFO] Loaded script server_scripts:normal/loot_tables/chests/enigmatica/ars_nouveau_loot_boxes.js in 0.0 s
[03:24:02] [INFO] Loaded script server_scripts:normal/loot_tables/chests/enigmatica/create_loot_boxes.js in 0.0 s
[03:24:02] [INFO] Loaded script server_scripts:normal/loot_tables/chests/enigmatica/delight_loot_boxes.js in 0.0 s
[03:24:02] [INFO] Loaded script server_scripts:normal/loot_tables/chests/enigmatica/hexerei_loot_boxes.js in 0.0 s
[03:24:02] [INFO] Loaded script server_scripts:normal/loot_tables/chests/enigmatica/immersive_engineering_loot_boxes.js in 0.001 s
[03:24:02] [INFO] Loaded script server_scripts:normal/loot_tables/chests/enigmatica/industrial_foregoing_loot_boxes.js in 0.0 s
[03:24:02] [INFO] Loaded script server_scripts:normal/loot_tables/chests/enigmatica/mekanism_loot_boxes.js in 0.0 s
[03:24:02] [INFO] Loaded script server_scripts:normal/loot_tables/chests/enigmatica/natures_aura_loot_boxes.js in 0.0 s
[03:24:02] [INFO] Loaded script server_scripts:normal/loot_tables/chests/enigmatica/occultism_loot_boxes.js in 0.0 s
[03:24:02] [INFO] Loaded script server_scripts:normal/loot_tables/chests/enigmatica/pneumaticcraft_loot_boxes.js in 0.0 s
[03:24:02] [INFO] Loaded script server_scripts:normal/loot_tables/chests/enigmatica/powah_loot_boxes.js in 0.0 s
[03:24:02] [INFO] Loaded script server_scripts:normal/loot_tables/chests/enigmatica/thermal_series_loot_boxes.js in 0.0 s
[03:24:02] [INFO] Loaded script server_scripts:normal/loot_tables/entities/twilightforest/death_tome.js in 0.0 s
[03:24:02] [INFO] Loaded script server_scripts:normal/recipes/ae2/transform.js in 0.0 s
[03:24:02] [INFO] Loaded script server_scripts:normal/recipes/apotheosis/bosses/overworld.js in 0.0 s
[03:24:02] [INFO] Loaded script server_scripts:normal/recipes/apotheosis/bosses/the_bumblezone.js in 0.0 s
[03:24:02] [INFO] Loaded script server_scripts:normal/recipes/apotheosis/bosses/the_end.js in 0.0 s
[03:24:02] [INFO] Loaded script server_scripts:normal/recipes/apotheosis/bosses/the_nether.js in 0.0 s
[03:24:02] [INFO] Loaded script server_scripts:normal/recipes/apotheosis/bosses/twilight_forest.js in 0.0 s
[03:24:02] [INFO] Loaded script server_scripts:normal/recipes/ars_nouveau/crushing.js in 0.0 s
[03:24:02] [INFO] Loaded script server_scripts:normal/recipes/ars_nouveau/glyph.js in 0.001 s
[03:24:02] [INFO] Loaded script server_scripts:normal/recipes/byg/shaped.js in 0.0 s
[03:24:02] [INFO] Loaded script server_scripts:normal/recipes/create/crushing.js in 0.0 s
[03:24:02] [INFO] Loaded script server_scripts:normal/recipes/create/mechanical_crafting.js in 0.0 s
[03:24:02] [INFO] Loaded script server_scripts:normal/recipes/create/milling.js in 0.0 s
[03:24:02] [INFO] Loaded script server_scripts:normal/recipes/create/mixing.js in 0.0 s
[03:24:02] [INFO] Loaded script server_scripts:normal/recipes/create/pressing.js in 0.0 s
[03:24:02] [INFO] Loaded script server_scripts:normal/recipes/create/splashing.js in 0.001 s
[03:24:02] [INFO] Loaded script server_scripts:normal/recipes/createaddition/charging.js in 0.001 s
[03:24:02] [INFO] Loaded script server_scripts:normal/recipes/createaddition/liquid_burning.js in 0.001 s
[03:24:02] [INFO] Loaded script server_scripts:normal/recipes/createaddition/rolling.js in 0.001 s
[03:24:02] [INFO] Loaded script server_scripts:normal/recipes/createaddition/shaped.js in 0.001 s
[03:24:02] [INFO] Loaded script server_scripts:normal/recipes/createaddition/shapeless.js in 0.0 s
[03:24:02] [INFO] Loaded script server_scripts:normal/recipes/emendatusenigmatica/dusts.js in 0.0 s
[03:24:02] [INFO] Loaded script server_scripts:normal/recipes/emendatusenigmatica/plates.js in 0.0 s
[03:24:02] [INFO] Loaded script server_scripts:normal/recipes/emendatusenigmatica/rods.js in 0.0 s
[03:24:02] [INFO] Loaded script server_scripts:normal/recipes/enigmatica/crushing.js in 0.0 s
[03:24:02] [INFO] Loaded script server_scripts:normal/recipes/enigmatica/dye_crushing.js in 0.0 s
[03:24:02] [INFO] Loaded script server_scripts:normal/recipes/enigmatica/remove.js in 0.0 s
[03:24:02] [INFO] Loaded script server_scripts:normal/recipes/enigmatica/shapeless.js in 0.0 s
[03:24:02] [INFO] Loaded script server_scripts:normal/recipes/immersiveengineering/arc_furnace.js in 0.0 s
[03:24:02] [INFO] Loaded script server_scripts:normal/recipes/immersiveengineering/crusher.js in 0.0 s
[03:24:02] [INFO] Loaded script server_scripts:normal/recipes/immersiveengineering/generator_fuel.js in 0.0 s
[03:24:02] [INFO] Loaded script server_scripts:normal/recipes/immersiveengineering/metalpress.js in 0.0 s
[03:24:02] [INFO] Loaded script server_scripts:normal/recipes/immersiveengineering/minerals.js in 0.0 s
[03:24:02] [INFO] Loaded script server_scripts:normal/recipes/immersiveengineering/shaped.js in 0.0 s
[03:24:02] [INFO] Loaded script server_scripts:normal/recipes/immersiveengineering/shapeless.js in 0.0 s
[03:24:02] [INFO] Loaded script server_scripts:normal/recipes/immersiveengineering/squeezer.js in 0.0 s
[03:24:02] [INFO] Loaded script server_scripts:normal/recipes/industrialforegoing/laser_drill_ore.js in 0.001 s
[03:24:02] [INFO] Loaded script server_scripts:normal/recipes/industrialforegoing/shapeless.js in 0.0 s
[03:24:02] [INFO] Loaded script server_scripts:normal/recipes/lychee/block_interacting.js in 0.0 s
[03:24:02] [INFO] Loaded script server_scripts:normal/recipes/mekanism/crushing.js in 0.0 s
[03:24:02] [INFO] Loaded script server_scripts:normal/recipes/mekanism/painting.js in 0.0 s
[03:24:02] [INFO] Loaded script server_scripts:normal/recipes/mekanism/pigment_extracting.js in 0.0 s
[03:24:02] [INFO] Loaded script server_scripts:normal/recipes/mekanism/sawing.js in 0.0 s
[03:24:02] [INFO] Loaded script server_scripts:normal/recipes/minecraft/shaped.js in 0.0 s
[03:24:02] [INFO] Loaded script server_scripts:normal/recipes/minecraft/smelting.js in 0.001 s
[03:24:02] [INFO] Loaded script server_scripts:normal/recipes/naturesaura/animal_spawner.js in 0.0 s
[03:24:02] [INFO] Loaded script server_scripts:normal/recipes/occultism/crushing.js in 0.0 s
[03:24:02] [INFO] Loaded script server_scripts:normal/recipes/occultism/ritual.js in 0.0 s
[03:24:02] [INFO] Loaded script server_scripts:normal/recipes/pneumaticcraft/fuel_quality.js in 0.0 s
[03:24:02] [INFO] Loaded script server_scripts:normal/recipes/pneumaticcraft/heat_properties.js in 0.0 s
[03:24:02] [INFO] Loaded script server_scripts:normal/recipes/powah/energizing.js in 0.0 s
[03:24:02] [INFO] Loaded script server_scripts:normal/recipes/powah/shaped.js in 0.0 s
[03:24:02] [INFO] Loaded script server_scripts:normal/recipes/spirit/soul_cage_tier.js in 0.0 s
[03:24:02] [INFO] Loaded script server_scripts:normal/recipes/superiorshields/shaped.js in 0.0 s
[03:24:02] [INFO] Loaded script server_scripts:normal/recipes/thermal/centrifuge.js in 0.0 s
[03:24:02] [INFO] Loaded script server_scripts:normal/recipes/thermal/crystallizer.js in 0.0 s
[03:24:02] [INFO] Loaded script server_scripts:normal/recipes/thermal/fuel/compression.js in 0.0 s
[03:24:02] [INFO] Loaded script server_scripts:normal/recipes/thermal/press.js in 0.0 s
[03:24:02] [INFO] Loaded script server_scripts:normal/recipes/thermal/pulverizer.js in 0.0 s
[03:24:02] [INFO] Loaded script server_scripts:normal/recipes/thermal/refinery.js in 0.001 s
[03:24:02] [INFO] Loaded script server_scripts:normal/recipes/thermal/smelter.js in 0.0 s
[03:24:02] [INFO] Loaded script server_scripts:normal/recipes/thermal/smelter_catalyst.js in 0.001 s
[03:24:02] [INFO] Loaded script server_scripts:normal/recipes/twilightforest/hollow_hills.js in 0.0 s
[03:24:02] [INFO] Loaded script server_scripts:normal/tags/fluids/create/bottomless_allow.js in 0.0 s
[03:24:02] [INFO] Loaded script server_scripts:normal/unification/unify_dust_processing.js in 0.001 s
[03:24:02] [INFO] Loaded script server_scripts:normal/unification/unify_ore_processing.js in 0.002 s
[03:24:02] [INFO] Loaded script server_scripts:normal/villager_trades/immersiveengineering/machinist.js in 0.0 s
[03:24:02] [INFO] Loaded script server_scripts:normal/villager_trades/remove.js in 0.0 s
[03:24:02] [INFO] Loaded script server_scripts:settings.js in 0.0 s
[03:24:02] [INFO] Loaded 865/865 KubeJS server scripts in 0.525 s
[03:24:02] [INFO] Scripts loaded
[03:24:02] [INFO] Initializing recipe event...
[03:24:02] [INFO] [minecraft:enchantment] Found 6 tags, added 13 objects, removed 0 objects
[03:24:02] [INFO] [minecraft:mob_effect] Found 6 tags, added 37 objects, removed 10 objects
[03:24:02] [INFO] [minecraft:fluid] Found 91 tags, added 22 objects, removed 12 objects
[03:24:03] [INFO] [minecraft:entity_type] Found 147 tags, added 169 objects, removed 6 objects
[03:24:03] [INFO] [minecraft:worldgen/biome] Found 530 tags, added 11 objects, removed 0 objects
[03:24:06] [INFO] [minecraft:block] Found 1077 tags, added 10583 objects, removed 305 objects
[03:24:08] [INFO] [minecraft:item] Found 1914 tags, added 2938 objects, removed 193 objects
[03:24:28] [INFO] Processing recipes...
[03:24:28] [INFO] Found 19079 recipes in 150.6 ms
[03:24:28] [INFO] Posted recipe events in 622.0 ms
[03:24:29] [INFO] Added 6513 recipes, removed 5437 recipes, modified 274 recipes, with 0 failed recipes in 210.5 ms
[03:24:43] [INFO] [LootJS] Removed 6 global loot modifiers: hexerei:sage_seeds_from_grass, immersiveengineering:hemp_from_tall_grass, immersiveengineering:hemp_from_grass, occultism:datura_seed_from_grass, occultism:datura_seed_from_tall_grass, sushigocrafting:grass_seeds
[03:25:26] [INFO] base/gamerules/default.js#7: Default Gamerule Applied: doFireTick = false
[03:25:26] [INFO] expert/gamerules/default.js#11: Default Gamerule Applied: tfEnforcedProgression = false
